<?xml version="1.0" encoding="UTF-8"?>
<coverage generated="1788520544659" clover="3.2.0">
  <project timestamp="1788520544659" name="All files">
    <metrics statements="191" coveredstatements="173" conditionals="99" coveredconditionals="74" methods="100" coveredmethods="73" elements="390" coveredelements="320" complexity="0" loc="191" ncloc="191" packages="13" files="33" classes="33"/>
    <package name="src">
      <metrics statements="11" coveredstatements="11" conditionals="6" coveredconditionals="4" methods="14" coveredmethods="6"/>
      <file name="App.jsx" path="/home/phetso/react-fitness-tracker-Phetsodonald/fitness-tracker/src/App.jsx">
        <metrics statements="11" coveredstatements="11" conditionals="6" coveredconditionals="4" methods="14" coveredmethods="6"/>
        <line num="14" count="3" type="stmt"/>
        <line num="24" count="3" type="stmt"/>
        <line num="25" count="7" type="stmt"/>
        <line num="26" count="7" type="stmt"/>
        <line num="27" count="7" type="cond" truecount="3" falsecount="1"/>
        <line num="28" count="7" type="cond" truecount="1" falsecount="1"/>
        <line num="29" count="7" type="stmt"/>
        <line num="30" count="7" type="stmt"/>
        <line num="31" count="7" type="stmt"/>
        <line num="32" count="7" type="stmt"/>
        <line num="34" count="7" type="stmt"/>
      </file>
    </package>
    <package name="src.components.Exercise">
      <metrics statements="27" coveredstatements="27" conditionals="18" coveredconditionals="17" methods="14" coveredmethods="14"/>
      <file name="ExerciseCard.jsx" path="/home/phetso/react-fitness-tracker-Phetsodonald/fitness-tracker/src/components/Exercise/ExerciseCard.jsx">
        <metrics statements="8" coveredstatements="8" conditionals="7" coveredconditionals="7" methods="5" coveredmethods="5"/>
        <line num="9" count="6" type="cond" truecount="1" falsecount="0"/>
        <line num="10" count="81" type="stmt"/>
        <line num="12" count="81" type="stmt"/>
        <line num="16" count="1" type="stmt"/>
        <line num="17" count="1" type="stmt"/>
        <line num="36" count="1" type="stmt"/>
        <line num="43" count="1" type="stmt"/>
        <line num="54" count="6" type="stmt"/>
      </file>
      <file name="ExerciseDetail.jsx" path="/home/phetso/react-fitness-tracker-Phetsodonald/fitness-tracker/src/components/Exercise/ExerciseDetail.jsx">
        <metrics statements="6" coveredstatements="6" conditionals="2" coveredconditionals="1" methods="4" coveredmethods="4"/>
        <line num="8" count="4" type="stmt"/>
        <line num="9" count="2" type="stmt"/>
        <line num="15" count="2" type="stmt"/>
        <line num="25" count="6" type="stmt"/>
        <line num="27" count="1" type="stmt"/>
        <line num="33" count="4" type="stmt"/>
      </file>
      <file name="ExerciseFilter.jsx" path="/home/phetso/react-fitness-tracker-Phetsodonald/fitness-tracker/src/components/Exercise/ExerciseFilter.jsx">
        <metrics statements="4" coveredstatements="4" conditionals="0" coveredconditionals="0" methods="2" coveredmethods="2"/>
        <line num="4" count="4" type="stmt"/>
        <line num="5" count="6" type="stmt"/>
        <line num="17" count="36" type="stmt"/>
        <line num="30" count="4" type="stmt"/>
      </file>
      <file name="ExerciseList.jsx" path="/home/phetso/react-fitness-tracker-Phetsodonald/fitness-tracker/src/components/Exercise/ExerciseList.jsx">
        <metrics statements="9" coveredstatements="9" conditionals="9" coveredconditionals="9" methods="3" coveredmethods="3"/>
        <line num="7" count="5" type="stmt"/>
        <line num="15" count="10" type="cond" truecount="2" falsecount="0"/>
        <line num="16" count="4" type="stmt"/>
        <line num="19" count="6" type="cond" truecount="2" falsecount="0"/>
        <line num="20" count="1" type="stmt"/>
        <line num="23" count="5" type="cond" truecount="2" falsecount="0"/>
        <line num="26" count="76" type="stmt"/>
        <line num="32" count="25" type="stmt"/>
        <line num="42" count="5" type="stmt"/>
      </file>
    </package>
    <package name="src.components.HamBurgerMenu">
      <metrics statements="3" coveredstatements="2" conditionals="4" coveredconditionals="2" methods="2" coveredmethods="1"/>
      <file name="HamBurgerMenu.jsx" path="/home/phetso/react-fitness-tracker-Phetsodonald/fitness-tracker/src/components/HamBurgerMenu/HamBurgerMenu.jsx">
        <metrics statements="3" coveredstatements="2" conditionals="4" coveredconditionals="2" methods="2" coveredmethods="1"/>
        <line num="4" count="17" type="cond" truecount="1" falsecount="1"/>
        <line num="5" count="17" type="stmt"/>
        <line num="9" count="0" type="stmt"/>
      </file>
    </package>
    <package name="src.components.Media">
      <metrics statements="6" coveredstatements="6" conditionals="0" coveredconditionals="0" methods="2" coveredmethods="2"/>
      <file name="AudioPlayer.jsx" path="/home/phetso/react-fitness-tracker-Phetsodonald/fitness-tracker/src/components/Media/AudioPlayer.jsx">
        <metrics statements="3" coveredstatements="3" conditionals="0" coveredconditionals="0" methods="1" coveredmethods="1"/>
        <line num="4" count="5" type="stmt"/>
        <line num="5" count="5" type="stmt"/>
        <line num="17" count="5" type="stmt"/>
      </file>
      <file name="VideoPlayer.jsx" path="/home/phetso/react-fitness-tracker-Phetsodonald/fitness-tracker/src/components/Media/VideoPlayer.jsx">
        <metrics statements="3" coveredstatements="3" conditionals="0" coveredconditionals="0" methods="1" coveredmethods="1"/>
        <line num="4" count="5" type="stmt"/>
        <line num="5" count="4" type="stmt"/>
        <line num="17" count="5" type="stmt"/>
      </file>
    </package>
    <package name="src.components.Navigation">
      <metrics statements="3" coveredstatements="3" conditionals="12" coveredconditionals="10" methods="1" coveredmethods="1"/>
      <file name="Navbar.jsx" path="/home/phetso/react-fitness-tracker-Phetsodonald/fitness-tracker/src/components/Navigation/Navbar.jsx">
        <metrics statements="3" coveredstatements="3" conditionals="12" coveredconditionals="10" methods="1" coveredmethods="1"/>
        <line num="6" count="18" type="stmt"/>
        <line num="8" count="18" type="stmt"/>
        <line num="74" count="8" type="stmt"/>
      </file>
    </package>
    <package name="src.components.UI">
      <metrics statements="35" coveredstatements="35" conditionals="16" coveredconditionals="13" methods="12" coveredmethods="12"/>
      <file name="Badge.jsx" path="/home/phetso/react-fitness-tracker-Phetsodonald/fitness-tracker/src/components/UI/Badge.jsx">
        <metrics statements="3" coveredstatements="3" conditionals="3" coveredconditionals="3" methods="1" coveredmethods="1"/>
        <line num="4" count="7" type="cond" truecount="1" falsecount="0"/>
        <line num="5" count="164" type="stmt"/>
        <line num="17" count="7" type="stmt"/>
      </file>
      <file name="Button.jsx" path="/home/phetso/react-fitness-tracker-Phetsodonald/fitness-tracker/src/components/UI/Button.jsx">
        <metrics statements="3" coveredstatements="3" conditionals="3" coveredconditionals="3" methods="1" coveredmethods="1"/>
        <line num="4" count="12" type="cond" truecount="3" falsecount="0"/>
        <line num="5" count="205" type="stmt"/>
        <line num="12" count="12" type="stmt"/>
      </file>
      <file name="Card.jsx" path="/home/phetso/react-fitness-tracker-Phetsodonald/fitness-tracker/src/components/UI/Card.jsx">
        <metrics statements="3" coveredstatements="3" conditionals="5" coveredconditionals="5" methods="1" coveredmethods="1"/>
        <line num="4" count="12" type="cond" truecount="1" falsecount="0"/>
        <line num="5" count="119" type="stmt"/>
        <line num="13" count="12" type="stmt"/>
      </file>
      <file name="EmptyState.jsx" path="/home/phetso/react-fitness-tracker-Phetsodonald/fitness-tracker/src/components/UI/EmptyState.jsx">
        <metrics statements="3" coveredstatements="3" conditionals="1" coveredconditionals="0" methods="1" coveredmethods="1"/>
        <line num="3" count="7" type="cond" truecount="0" falsecount="1"/>
        <line num="4" count="17" type="stmt"/>
        <line num="11" count="7" type="stmt"/>
      </file>
      <file name="Loading.jsx" path="/home/phetso/react-fitness-tracker-Phetsodonald/fitness-tracker/src/components/UI/Loading.jsx">
        <metrics statements="3" coveredstatements="3" conditionals="1" coveredconditionals="0" methods="1" coveredmethods="1"/>
        <line num="3" count="5" type="cond" truecount="0" falsecount="1"/>
        <line num="4" count="4" type="stmt"/>
        <line num="12" count="5" type="stmt"/>
      </file>
      <file name="Modal.jsx" path="/home/phetso/react-fitness-tracker-Phetsodonald/fitness-tracker/src/components/UI/Modal.jsx">
        <metrics statements="3" coveredstatements="3" conditionals="1" coveredconditionals="0" methods="1" coveredmethods="1"/>
        <line num="5" count="1" type="cond" truecount="0" falsecount="1"/>
        <line num="6" count="1" type="stmt"/>
        <line num="17" count="1" type="stmt"/>
      </file>
      <file name="SearchBar.jsx" path="/home/phetso/react-fitness-tracker-Phetsodonald/fitness-tracker/src/components/UI/SearchBar.jsx">
        <metrics statements="17" coveredstatements="17" conditionals="2" coveredconditionals="2" methods="6" coveredmethods="6"/>
        <line num="6" count="5" type="cond" truecount="2" falsecount="0"/>
        <line num="7" count="13" type="stmt"/>
        <line num="9" count="13" type="stmt"/>
        <line num="10" count="1" type="stmt"/>
        <line num="11" count="1" type="stmt"/>
        <line num="14" count="13" type="stmt"/>
        <line num="15" count="4" type="stmt"/>
        <line num="16" count="4" type="stmt"/>
        <line num="19" count="13" type="stmt"/>
        <line num="20" count="1" type="stmt"/>
        <line num="23" count="13" type="stmt"/>
        <line num="24" count="1" type="stmt"/>
        <line num="27" count="13" type="stmt"/>
        <line num="28" count="1" type="stmt"/>
        <line num="29" count="1" type="stmt"/>
        <line num="32" count="13" type="stmt"/>
        <line num="41" count="5" type="stmt"/>
      </file>
    </package>
    <package name="src.components.WorkoutLog">
      <metrics statements="26" coveredstatements="21" conditionals="10" coveredconditionals="6" methods="15" coveredmethods="8"/>
      <file name="LogEntry.jsx" path="/home/phetso/react-fitness-tracker-Phetsodonald/fitness-tracker/src/components/WorkoutLog/LogEntry.jsx">
        <metrics statements="4" coveredstatements="3" conditionals="0" coveredconditionals="0" methods="2" coveredmethods="1"/>
        <line num="5" count="4" type="stmt"/>
        <line num="6" count="1" type="stmt"/>
        <line num="13" count="0" type="stmt"/>
        <line num="20" count="4" type="stmt"/>
      </file>
      <file name="ProgressChart.jsx" path="/home/phetso/react-fitness-tracker-Phetsodonald/fitness-tracker/src/components/WorkoutLog/ProgressChart.jsx">
        <metrics statements="5" coveredstatements="5" conditionals="4" coveredconditionals="2" methods="4" coveredmethods="2"/>
        <line num="5" count="4" type="stmt"/>
        <line num="6" count="1" type="stmt"/>
        <line num="7" count="1" type="stmt"/>
        <line num="9" count="1" type="cond" truecount="2" falsecount="2"/>
        <line num="11" count="4" type="stmt"/>
      </file>
      <file name="WorkoutLog.jsx" path="/home/phetso/react-fitness-tracker-Phetsodonald/fitness-tracker/src/components/WorkoutLog/WorkoutLog.jsx">
        <metrics statements="17" coveredstatements="13" conditionals="6" coveredconditionals="4" methods="9" coveredmethods="5"/>
        <line num="8" count="4" type="stmt"/>
        <line num="9" count="3" type="cond" truecount="1" falsecount="1"/>
        <line num="10" count="3" type="stmt"/>
        <line num="11" count="3" type="stmt"/>
        <line num="12" count="3" type="stmt"/>
        <line num="13" count="3" type="stmt"/>
        <line num="14" count="1" type="stmt"/>
        <line num="15" count="1" type="stmt"/>
        <line num="16" count="1" type="cond" truecount="1" falsecount="1"/>
        <line num="17" count="3" type="stmt"/>
        <line num="19" count="0" type="stmt"/>
        <line num="20" count="51" type="stmt"/>
        <line num="22" count="0" type="stmt"/>
        <line num="23" count="0" type="stmt"/>
        <line num="24" count="0" type="stmt"/>
        <line num="28" count="1" type="cond" truecount="2" falsecount="0"/>
        <line num="34" count="4" type="stmt"/>
      </file>
    </package>
    <package name="src.components.WorkoutPlanner">
      <metrics statements="12" coveredstatements="11" conditionals="6" coveredconditionals="5" methods="7" coveredmethods="6"/>
      <file name="DayCard.jsx" path="/home/phetso/react-fitness-tracker-Phetsodonald/fitness-tracker/src/components/WorkoutPlanner/DayCard.jsx">
        <metrics statements="6" coveredstatements="5" conditionals="4" coveredconditionals="4" methods="4" coveredmethods="3"/>
        <line num="7" count="4" type="stmt"/>
        <line num="8" count="17" type="stmt"/>
        <line num="10" count="3" type="stmt"/>
        <line num="12" count="1" type="stmt"/>
        <line num="13" count="0" type="cond" truecount="2" falsecount="0"/>
        <line num="17" count="4" type="stmt"/>
      </file>
      <file name="WorkoutPlanner.jsx" path="/home/phetso/react-fitness-tracker-Phetsodonald/fitness-tracker/src/components/WorkoutPlanner/WorkoutPlanner.jsx">
        <metrics statements="6" coveredstatements="6" conditionals="2" coveredconditionals="1" methods="3" coveredmethods="3"/>
        <line num="5" count="3" type="stmt"/>
        <line num="6" count="14" type="stmt"/>
        <line num="8" count="3" type="stmt"/>
        <line num="9" count="2" type="stmt"/>
        <line num="10" count="14" type="cond" truecount="1" falsecount="1"/>
        <line num="13" count="3" type="stmt"/>
      </file>
    </package>
    <package name="src.components.common">
      <metrics statements="5" coveredstatements="5" conditionals="4" coveredconditionals="4" methods="2" coveredmethods="2"/>
      <file name="Footer.jsx" path="/home/phetso/react-fitness-tracker-Phetsodonald/fitness-tracker/src/components/common/Footer.jsx">
        <metrics statements="2" coveredstatements="2" conditionals="0" coveredconditionals="0" methods="1" coveredmethods="1"/>
        <line num="1" count="3" type="stmt"/>
        <line num="2" count="7" type="stmt"/>
      </file>
      <file name="Header.jsx" path="/home/phetso/react-fitness-tracker-Phetsodonald/fitness-tracker/src/components/common/Header.jsx">
        <metrics statements="3" coveredstatements="3" conditionals="4" coveredconditionals="4" methods="1" coveredmethods="1"/>
        <line num="8" count="17" type="stmt"/>
        <line num="10" count="17" type="stmt"/>
        <line num="26" count="7" type="stmt"/>
      </file>
    </package>
    <package name="src.data">
      <metrics statements="1" coveredstatements="1" conditionals="0" coveredconditionals="0" methods="0" coveredmethods="0"/>
      <file name="exercisesData.js" path="/home/phetso/react-fitness-tracker-Phetsodonald/fitness-tracker/src/data/exercisesData.js">
        <metrics statements="1" coveredstatements="1" conditionals="0" coveredconditionals="0" methods="0" coveredmethods="0"/>
        <line num="1" count="4" type="stmt"/>
      </file>
    </package>
    <package name="src.hooks">
      <metrics statements="6" coveredstatements="5" conditionals="2" coveredconditionals="2" methods="3" coveredmethods="3"/>
      <file name="useLocalStorage.js" path="/home/phetso/react-fitness-tracker-Phetsodonald/fitness-tracker/src/hooks/useLocalStorage.js">
        <metrics statements="6" coveredstatements="5" conditionals="2" coveredconditionals="2" methods="3" coveredmethods="3"/>
        <line num="3" count="4" type="stmt"/>
        <line num="4" count="17" type="stmt"/>
        <line num="5" count="12" type="cond" truecount="2" falsecount="0"/>
        <line num="6" count="0" type="stmt"/>
        <line num="8" count="17" type="stmt"/>
        <line num="9" count="17" type="stmt"/>
      </file>
    </package>
    <package name="src.pages">
      <metrics statements="37" coveredstatements="28" conditionals="9" coveredconditionals="4" methods="21" coveredmethods="11"/>
      <file name="ExerciseDetailPage.jsx" path="/home/phetso/react-fitness-tracker-Phetsodonald/fitness-tracker/src/pages/ExerciseDetailPage.jsx">
        <metrics statements="7" coveredstatements="1" conditionals="2" coveredconditionals="0" methods="4" coveredmethods="0"/>
        <line num="6" count="3" type="stmt"/>
        <line num="7" count="0" type="stmt"/>
        <line num="8" count="0" type="stmt"/>
        <line num="9" count="0" type="stmt"/>
        <line num="10" count="0" type="cond" truecount="0" falsecount="2"/>
        <line num="12" count="0" type="stmt"/>
        <line num="14" count="0" type="stmt"/>
      </file>
      <file name="ExercisesPage.jsx" path="/home/phetso/react-fitness-tracker-Phetsodonald/fitness-tracker/src/pages/ExercisesPage.jsx">
        <metrics statements="19" coveredstatements="17" conditionals="7" coveredconditionals="4" methods="11" coveredmethods="6"/>
        <line num="9" count="4" type="stmt"/>
        <line num="10" count="6" type="stmt"/>
        <line num="11" count="6" type="stmt"/>
        <line num="12" count="6" type="stmt"/>
        <line num="13" count="6" type="stmt"/>
        <line num="14" count="6" type="stmt"/>
        <line num="15" count="6" type="stmt"/>
        <line num="16" count="6" type="stmt"/>
        <line num="17" count="6" type="stmt"/>
        <line num="19" count="6" type="stmt"/>
        <line num="20" count="3" type="stmt"/>
        <line num="21" count="2" type="stmt"/>
        <line num="22" count="2" type="stmt"/>
        <line num="23" count="2" type="stmt"/>
        <line num="24" count="0" type="stmt"/>
        <line num="25" count="0" type="stmt"/>
        <line num="26" count="3" type="stmt"/>
        <line num="29" count="50" type="cond" truecount="4" falsecount="3"/>
        <line num="30" count="6" type="stmt"/>
      </file>
      <file name="HistoryPage.jsx" path="/home/phetso/react-fitness-tracker-Phetsodonald/fitness-tracker/src/pages/HistoryPage.jsx">
        <metrics statements="1" coveredstatements="1" conditionals="0" coveredconditionals="0" methods="1" coveredmethods="1"/>
        <line num="4" count="4" type="stmt"/>
      </file>
      <file name="Home.jsx" path="/home/phetso/react-fitness-tracker-Phetsodonald/fitness-tracker/src/pages/Home.jsx">
        <metrics statements="2" coveredstatements="2" conditionals="0" coveredconditionals="0" methods="1" coveredmethods="1"/>
        <line num="5" count="4" type="stmt"/>
        <line num="6" count="4" type="stmt"/>
      </file>
      <file name="NotFound.jsx" path="/home/phetso/react-fitness-tracker-Phetsodonald/fitness-tracker/src/pages/NotFound.jsx">
        <metrics statements="4" coveredstatements="3" conditionals="0" coveredconditionals="0" methods="2" coveredmethods="1"/>
        <line num="5" count="3" type="stmt"/>
        <line num="6" count="1" type="stmt"/>
        <line num="7" count="1" type="stmt"/>
        <line num="8" count="0" type="stmt"/>
      </file>
      <file name="ProgressPage.jsx" path="/home/phetso/react-fitness-tracker-Phetsodonald/fitness-tracker/src/pages/ProgressPage.jsx">
        <metrics statements="3" coveredstatements="3" conditionals="0" coveredconditionals="0" methods="1" coveredmethods="1"/>
        <line num="6" count="4" type="stmt"/>
        <line num="7" count="1" type="stmt"/>
        <line num="8" count="1" type="stmt"/>
      </file>
      <file name="WorkoutPlannerPage.jsx" path="/home/phetso/react-fitness-tracker-Phetsodonald/fitness-tracker/src/pages/WorkoutPlannerPage.jsx">
        <metrics statements="1" coveredstatements="1" conditionals="0" coveredconditionals="0" methods="1" coveredmethods="1"/>
        <line num="4" count="3" type="stmt"/>
      </file>
    </package>
    <package name="src.utils">
      <metrics statements="19" coveredstatements="18" conditionals="12" coveredconditionals="7" methods="7" coveredmethods="7"/>
      <file name="helpers.js" path="/home/phetso/react-fitness-tracker-Phetsodonald/fitness-tracker/src/utils/helpers.js">
        <metrics statements="19" coveredstatements="18" conditionals="12" coveredconditionals="7" methods="7" coveredmethods="7"/>
        <line num="1" count="9" type="stmt"/>
        <line num="2" count="82" type="stmt"/>
        <line num="5" count="9" type="stmt"/>
        <line num="6" count="2" type="stmt"/>
        <line num="7" count="3" type="cond" truecount="1" falsecount="1"/>
        <line num="11" count="9" type="stmt"/>
        <line num="12" count="2" type="cond" truecount="4" falsecount="2"/>
        <line num="15" count="9" type="stmt"/>
        <line num="16" count="2" type="cond" truecount="1" falsecount="1"/>
        <line num="18" count="2" type="stmt"/>
        <line num="19" count="3" type="stmt"/>
        <line num="20" count="1" type="stmt"/>
        <line num="22" count="2" type="stmt"/>
        <line num="24" count="2" type="stmt"/>
        <line num="26" count="1" type="stmt"/>
        <line num="28" count="1" type="cond" truecount="1" falsecount="1"/>
        <line num="29" count="1" type="stmt"/>
        <line num="31" count="0" type="stmt"/>
        <line num="35" count="2" type="stmt"/>
      </file>
    </package>
  </project>
</coverage>
