{"/home/phetso/react-fitness-tracker-Phetsodonald/fitness-tracker/src/App.jsx": {"path":"/home/phetso/react-fitness-tracker-Phetsodonald/fitness-tracker/src/App.jsx","statementMap":{"0":{"start":{"line":14,"column":16},"end":{"line":22,"column":1}},"1":{"start":{"line":24,"column":12},"end":{"line":48,"column":1}},"2":{"start":{"line":25,"column":40},"end":{"line":25,"column":80}},"3":{"start":{"line":26,"column":31},"end":{"line":26,"column":67}},"4":{"start":{"line":27,"column":4},"end":{"line":27,"column":97}},"5":{"start":{"line":27,"column":19},"end":{"line":27,"column":91}},"6":{"start":{"line":27,"column":66},"end":{"line":27,"column":91}},"7":{"start":{"line":28,"column":20},"end":{"line":28,"column":102}},"8":{"start":{"line":28,"column":30},"end":{"line":28,"column":102}},"9":{"start":{"line":28,"column":52},"end":{"line":28,"column":100}},"10":{"start":{"line":29,"column":25},"end":{"line":29,"column":133}},"11":{"start":{"line":29,"column":35},"end":{"line":29,"column":133}},"12":{"start":{"line":29,"column":57},"end":{"line":29,"column":131}},"13":{"start":{"line":29,"column":120},"end":{"line":29,"column":129}},"14":{"start":{"line":30,"column":19},"end":{"line":30,"column":80}},"15":{"start":{"line":30,"column":24},"end":{"line":30,"column":80}},"16":{"start":{"line":30,"column":46},"end":{"line":30,"column":78}},"17":{"start":{"line":31,"column":21},"end":{"line":31,"column":65}},"18":{"start":{"line":31,"column":30},"end":{"line":31,"column":65}},"19":{"start":{"line":31,"column":47},"end":{"line":31,"column":64}},"20":{"start":{"line":32,"column":20},"end":{"line":32,"column":67}},"21":{"start":{"line":32,"column":24},"end":{"line":32,"column":67}},"22":{"start":{"line":32,"column":41},"end":{"line":32,"column":66}},"23":{"start":{"line":32,"column":56},"end":{"line":32,"column":65}},"24":{"start":{"line":34,"column":4},"end":{"line":47,"column":24}}},"fnMap":{"0":{"name":"(anonymous_0)","decl":{"start":{"line":24,"column":12},"end":{"line":24,"column":13}},"loc":{"start":{"line":24,"column":16},"end":{"line":48,"column":1}},"line":24},"1":{"name":"(anonymous_1)","decl":{"start":{"line":27,"column":14},"end":{"line":27,"column":15}},"loc":{"start":{"line":27,"column":18},"end":{"line":27,"column":92}},"line":27},"2":{"name":"(anonymous_2)","decl":{"start":{"line":28,"column":20},"end":{"line":28,"column":21}},"loc":{"start":{"line":28,"column":30},"end":{"line":28,"column":102}},"line":28},"3":{"name":"(anonymous_3)","decl":{"start":{"line":28,"column":45},"end":{"line":28,"column":46}},"loc":{"start":{"line":28,"column":52},"end":{"line":28,"column":100}},"line":28},"4":{"name":"(anonymous_4)","decl":{"start":{"line":29,"column":25},"end":{"line":29,"column":26}},"loc":{"start":{"line":29,"column":35},"end":{"line":29,"column":133}},"line":29},"5":{"name":"(anonymous_5)","decl":{"start":{"line":29,"column":50},"end":{"line":29,"column":51}},"loc":{"start":{"line":29,"column":57},"end":{"line":29,"column":131}},"line":29},"6":{"name":"(anonymous_6)","decl":{"start":{"line":29,"column":117},"end":{"line":29,"column":118}},"loc":{"start":{"line":29,"column":120},"end":{"line":29,"column":129}},"line":29},"7":{"name":"(anonymous_7)","decl":{"start":{"line":30,"column":19},"end":{"line":30,"column":20}},"loc":{"start":{"line":30,"column":24},"end":{"line":30,"column":80}},"line":30},"8":{"name":"(anonymous_8)","decl":{"start":{"line":30,"column":39},"end":{"line":30,"column":40}},"loc":{"start":{"line":30,"column":46},"end":{"line":30,"column":78}},"line":30},"9":{"name":"(anonymous_9)","decl":{"start":{"line":31,"column":21},"end":{"line":31,"column":22}},"loc":{"start":{"line":31,"column":30},"end":{"line":31,"column":65}},"line":31},"10":{"name":"(anonymous_10)","decl":{"start":{"line":31,"column":41},"end":{"line":31,"column":42}},"loc":{"start":{"line":31,"column":47},"end":{"line":31,"column":64}},"line":31},"11":{"name":"(anonymous_11)","decl":{"start":{"line":32,"column":20},"end":{"line":32,"column":21}},"loc":{"start":{"line":32,"column":24},"end":{"line":32,"column":67}},"line":32},"12":{"name":"(anonymous_12)","decl":{"start":{"line":32,"column":35},"end":{"line":32,"column":36}},"loc":{"start":{"line":32,"column":41},"end":{"line":32,"column":66}},"line":32},"13":{"name":"(anonymous_13)","decl":{"start":{"line":32,"column":53},"end":{"line":32,"column":54}},"loc":{"start":{"line":32,"column":56},"end":{"line":32,"column":65}},"line":32}},"branchMap":{"0":{"loc":{"start":{"line":27,"column":19},"end":{"line":27,"column":91}},"type":"if","locations":[{"start":{"line":27,"column":19},"end":{"line":27,"column":91}},{"start":{},"end":{}}],"line":27},"1":{"loc":{"start":{"line":27,"column":22},"end":{"line":27,"column":65}},"type":"binary-expr","locations":[{"start":{"line":27,"column":22},"end":{"line":27,"column":34}},{"start":{"line":27,"column":36},"end":{"line":27,"column":65}}],"line":27},"2":{"loc":{"start":{"line":28,"column":73},"end":{"line":28,"column":88}},"type":"binary-expr","locations":[{"start":{"line":28,"column":73},"end":{"line":28,"column":84}},{"start":{"line":28,"column":86},"end":{"line":28,"column":88}}],"line":28}},"s":{"0":3,"1":3,"2":7,"3":7,"4":7,"5":5,"6":0,"7":7,"8":1,"9":1,"10":7,"11":0,"12":0,"13":0,"14":7,"15":0,"16":0,"17":7,"18":1,"19":1,"20":7,"21":0,"22":0,"23":0,"24":7},"f":{"0":7,"1":5,"2":1,"3":1,"4":0,"5":0,"6":0,"7":0,"8":0,"9":1,"10":1,"11":0,"12":0,"13":0},"b":{"0":[0,5],"1":[5,5],"2":[1,0]},"_coverageSchema":"1a1c01bbd47fc00a2c39e90264f33305004495a9","hash":"55dacfc84378b55ca132add215699e8566288ced"}
,"/home/phetso/react-fitness-tracker-Phetsodonald/fitness-tracker/src/components/Exercise/ExerciseCard.jsx": {"path":"/home/phetso/react-fitness-tracker-Phetsodonald/fitness-tracker/src/components/Exercise/ExerciseCard.jsx","statementMap":{"0":{"start":{"line":9,"column":21},"end":{"line":52,"column":1}},"1":{"start":{"line":10,"column":34},"end":{"line":10,"column":49}},"2":{"start":{"line":12,"column":4},"end":{"line":51,"column":6}},"3":{"start":{"line":16,"column":36},"end":{"line":16,"column":52}},"4":{"start":{"line":17,"column":36},"end":{"line":17,"column":53}},"5":{"start":{"line":36,"column":47},"end":{"line":36,"column":68}},"6":{"start":{"line":43,"column":43},"end":{"line":43,"column":58}},"7":{"start":{"line":54,"column":0},"end":{"line":69,"column":2}}},"fnMap":{"0":{"name":"(anonymous_0)","decl":{"start":{"line":9,"column":21},"end":{"line":9,"column":22}},"loc":{"start":{"line":9,"column":74},"end":{"line":52,"column":1}},"line":9},"1":{"name":"(anonymous_1)","decl":{"start":{"line":16,"column":30},"end":{"line":16,"column":31}},"loc":{"start":{"line":16,"column":36},"end":{"line":16,"column":52}},"line":16},"2":{"name":"(anonymous_2)","decl":{"start":{"line":17,"column":30},"end":{"line":17,"column":31}},"loc":{"start":{"line":17,"column":36},"end":{"line":17,"column":53}},"line":17},"3":{"name":"(anonymous_3)","decl":{"start":{"line":36,"column":41},"end":{"line":36,"column":42}},"loc":{"start":{"line":36,"column":47},"end":{"line":36,"column":68}},"line":36},"4":{"name":"(anonymous_4)","decl":{"start":{"line":43,"column":37},"end":{"line":43,"column":38}},"loc":{"start":{"line":43,"column":43},"end":{"line":43,"column":58}},"line":43}},"branchMap":{"0":{"loc":{"start":{"line":9,"column":51},"end":{"line":9,"column":67}},"type":"default-arg","locations":[{"start":{"line":9,"column":62},"end":{"line":9,"column":67}}],"line":9},"1":{"loc":{"start":{"line":24,"column":33},"end":{"line":24,"column":62}},"type":"cond-expr","locations":[{"start":{"line":24,"column":43},"end":{"line":24,"column":52}},{"start":{"line":24,"column":55},"end":{"line":24,"column":62}}],"line":24},"2":{"loc":{"start":{"line":41,"column":37},"end":{"line":41,"column":71}},"type":"cond-expr","locations":[{"start":{"line":41,"column":48},"end":{"line":41,"column":59}},{"start":{"line":41,"column":62},"end":{"line":41,"column":71}}],"line":41},"3":{"loc":{"start":{"line":45,"column":29},"end":{"line":45,"column":65}},"type":"cond-expr","locations":[{"start":{"line":45,"column":40},"end":{"line":45,"column":49}},{"start":{"line":45,"column":52},"end":{"line":45,"column":65}}],"line":45}},"s":{"0":6,"1":81,"2":81,"3":1,"4":1,"5":1,"6":1,"7":6},"f":{"0":81,"1":1,"2":1,"3":1,"4":1},"b":{"0":[2],"1":[2,79],"2":[3,78],"3":[3,78]},"_coverageSchema":"1a1c01bbd47fc00a2c39e90264f33305004495a9","hash":"19f85ef3c52e4f7aa713a89afaad1c1bdd0b48ab"}
,"/home/phetso/react-fitness-tracker-Phetsodonald/fitness-tracker/src/components/Exercise/ExerciseDetail.jsx": {"path":"/home/phetso/react-fitness-tracker-Phetsodonald/fitness-tracker/src/components/Exercise/ExerciseDetail.jsx","statementMap":{"0":{"start":{"line":8,"column":23},"end":{"line":31,"column":1}},"1":{"start":{"line":9,"column":4},"end":{"line":30,"column":5}},"2":{"start":{"line":15,"column":62},"end":{"line":15,"column":108}},"3":{"start":{"line":25,"column":64},"end":{"line":25,"column":91}},"4":{"start":{"line":27,"column":37},"end":{"line":27,"column":52}},"5":{"start":{"line":33,"column":0},"end":{"line":37,"column":1}}},"fnMap":{"0":{"name":"(anonymous_0)","decl":{"start":{"line":8,"column":23},"end":{"line":8,"column":24}},"loc":{"start":{"line":8,"column":54},"end":{"line":31,"column":1}},"line":8},"1":{"name":"(anonymous_1)","decl":{"start":{"line":15,"column":47},"end":{"line":15,"column":48}},"loc":{"start":{"line":15,"column":62},"end":{"line":15,"column":108}},"line":15},"2":{"name":"(anonymous_2)","decl":{"start":{"line":25,"column":47},"end":{"line":25,"column":48}},"loc":{"start":{"line":25,"column":64},"end":{"line":25,"column":91}},"line":25},"3":{"name":"(anonymous_3)","decl":{"start":{"line":27,"column":33},"end":{"line":27,"column":34}},"loc":{"start":{"line":27,"column":37},"end":{"line":27,"column":52}},"line":27}},"branchMap":{"0":{"loc":{"start":{"line":26,"column":17},"end":{"line":26,"column":181}},"type":"cond-expr","locations":[{"start":{"line":26,"column":35},"end":{"line":26,"column":176}},{"start":{"line":26,"column":177},"end":{"line":26,"column":181}}],"line":26}},"s":{"0":4,"1":2,"2":2,"3":6,"4":1,"5":4},"f":{"0":2,"1":2,"2":6,"3":1},"b":{"0":[2,0]},"_coverageSchema":"1a1c01bbd47fc00a2c39e90264f33305004495a9","hash":"10cb6c0832e9d7f028038024d0bfbacc7048f4da"}
,"/home/phetso/react-fitness-tracker-Phetsodonald/fitness-tracker/src/components/Exercise/ExerciseFilter.jsx": {"path":"/home/phetso/react-fitness-tracker-Phetsodonald/fitness-tracker/src/components/Exercise/ExerciseFilter.jsx","statementMap":{"0":{"start":{"line":4,"column":23},"end":{"line":28,"column":1}},"1":{"start":{"line":5,"column":4},"end":{"line":27,"column":5}},"2":{"start":{"line":17,"column":16},"end":{"line":17,"column":54}},"3":{"start":{"line":30,"column":0},"end":{"line":37,"column":2}}},"fnMap":{"0":{"name":"(anonymous_0)","decl":{"start":{"line":4,"column":23},"end":{"line":4,"column":24}},"loc":{"start":{"line":4,"column":120},"end":{"line":28,"column":1}},"line":4},"1":{"name":"(anonymous_1)","decl":{"start":{"line":16,"column":71},"end":{"line":16,"column":72}},"loc":{"start":{"line":17,"column":16},"end":{"line":17,"column":54}},"line":17}},"branchMap":{},"s":{"0":4,"1":6,"2":36,"3":4},"f":{"0":6,"1":36},"b":{},"_coverageSchema":"1a1c01bbd47fc00a2c39e90264f33305004495a9","hash":"2fa5a75059432d574997cbd5b51d057d4d37ee91"}
,"/home/phetso/react-fitness-tracker-Phetsodonald/fitness-tracker/src/components/Exercise/ExerciseList.jsx": {"path":"/home/phetso/react-fitness-tracker-Phetsodonald/fitness-tracker/src/components/Exercise/ExerciseList.jsx","statementMap":{"0":{"start":{"line":7,"column":21},"end":{"line":40,"column":1}},"1":{"start":{"line":15,"column":4},"end":{"line":17,"column":5}},"2":{"start":{"line":16,"column":8},"end":{"line":16,"column":58}},"3":{"start":{"line":19,"column":4},"end":{"line":21,"column":5}},"4":{"start":{"line":20,"column":8},"end":{"line":20,"column":43}},"5":{"start":{"line":23,"column":4},"end":{"line":39,"column":6}},"6":{"start":{"line":26,"column":16},"end":{"line":34,"column":18}},"7":{"start":{"line":32,"column":32},"end":{"line":32,"column":55}},"8":{"start":{"line":42,"column":0},"end":{"line":49,"column":2}}},"fnMap":{"0":{"name":"(anonymous_0)","decl":{"start":{"line":7,"column":21},"end":{"line":7,"column":22}},"loc":{"start":{"line":14,"column":6},"end":{"line":40,"column":1}},"line":14},"1":{"name":"(anonymous_1)","decl":{"start":{"line":25,"column":27},"end":{"line":25,"column":28}},"loc":{"start":{"line":26,"column":16},"end":{"line":34,"column":18}},"line":26},"2":{"name":"(anonymous_2)","decl":{"start":{"line":32,"column":24},"end":{"line":32,"column":25}},"loc":{"start":{"line":32,"column":32},"end":{"line":32,"column":55}},"line":32}},"branchMap":{"0":{"loc":{"start":{"line":9,"column":4},"end":{"line":9,"column":21}},"type":"default-arg","locations":[{"start":{"line":9,"column":16},"end":{"line":9,"column":21}}],"line":9},"1":{"loc":{"start":{"line":10,"column":4},"end":{"line":10,"column":14}},"type":"default-arg","locations":[{"start":{"line":10,"column":12},"end":{"line":10,"column":14}}],"line":10},"2":{"loc":{"start":{"line":13,"column":4},"end":{"line":13,"column":20}},"type":"default-arg","locations":[{"start":{"line":13,"column":18},"end":{"line":13,"column":20}}],"line":13},"3":{"loc":{"start":{"line":15,"column":4},"end":{"line":17,"column":5}},"type":"if","locations":[{"start":{"line":15,"column":4},"end":{"line":17,"column":5}},{"start":{},"end":{}}],"line":15},"4":{"loc":{"start":{"line":19,"column":4},"end":{"line":21,"column":5}},"type":"if","locations":[{"start":{"line":19,"column":4},"end":{"line":21,"column":5}},{"start":{},"end":{}}],"line":19},"5":{"loc":{"start":{"line":23,"column":11},"end":{"line":39,"column":5}},"type":"cond-expr","locations":[{"start":{"line":24,"column":8},"end":{"line":36,"column":14}},{"start":{"line":38,"column":8},"end":{"line":38,"column":51}}],"line":23}},"s":{"0":5,"1":10,"2":4,"3":6,"4":1,"5":5,"6":76,"7":25,"8":5},"f":{"0":10,"1":76,"2":25},"b":{"0":[3],"1":[3],"2":[4],"3":[4,6],"4":[1,5],"5":[4,1]},"_coverageSchema":"1a1c01bbd47fc00a2c39e90264f33305004495a9","hash":"85a95cdbc891317219ffd98c5bce2e1a1be26baa"}
,"/home/phetso/react-fitness-tracker-Phetsodonald/fitness-tracker/src/components/HamBurgerMenu/HamBurgerMenu.jsx": {"path":"/home/phetso/react-fitness-tracker-Phetsodonald/fitness-tracker/src/components/HamBurgerMenu/HamBurgerMenu.jsx","statementMap":{"0":{"start":{"line":4,"column":17},"end":{"line":4,"column":35}},"1":{"start":{"line":5,"column":4},"end":{"line":15,"column":5}},"2":{"start":{"line":9,"column":16},"end":{"line":9,"column":34}}},"fnMap":{"0":{"name":"HamBurgerMenu","decl":{"start":{"line":3,"column":9},"end":{"line":3,"column":22}},"loc":{"start":{"line":3,"column":43},"end":{"line":16,"column":1}},"line":3},"1":{"name":"(anonymous_1)","decl":{"start":{"line":8,"column":21},"end":{"line":8,"column":22}},"loc":{"start":{"line":8,"column":27},"end":{"line":10,"column":13}},"line":8}},"branchMap":{"0":{"loc":{"start":{"line":4,"column":17},"end":{"line":4,"column":35}},"type":"cond-expr","locations":[{"start":{"line":4,"column":26},"end":{"line":4,"column":29}},{"start":{"line":4,"column":32},"end":{"line":4,"column":35}}],"line":4},"1":{"loc":{"start":{"line":11,"column":24},"end":{"line":11,"column":71}},"type":"cond-expr","locations":[{"start":{"line":11,"column":33},"end":{"line":11,"column":51}},{"start":{"line":11,"column":54},"end":{"line":11,"column":71}}],"line":11}},"s":{"0":17,"1":17,"2":0},"f":{"0":17,"1":0},"b":{"0":[0,17],"1":[0,17]},"_coverageSchema":"1a1c01bbd47fc00a2c39e90264f33305004495a9","hash":"f27fb5fc4d83483b55cee93bbfec24b238198177"}
,"/home/phetso/react-fitness-tracker-Phetsodonald/fitness-tracker/src/components/Media/AudioPlayer.jsx": {"path":"/home/phetso/react-fitness-tracker-Phetsodonald/fitness-tracker/src/components/Media/AudioPlayer.jsx","statementMap":{"0":{"start":{"line":4,"column":20},"end":{"line":15,"column":1}},"1":{"start":{"line":5,"column":4},"end":{"line":14,"column":5}},"2":{"start":{"line":17,"column":0},"end":{"line":21,"column":1}}},"fnMap":{"0":{"name":"(anonymous_0)","decl":{"start":{"line":4,"column":20},"end":{"line":4,"column":21}},"loc":{"start":{"line":4,"column":56},"end":{"line":15,"column":1}},"line":4}},"branchMap":{},"s":{"0":5,"1":5,"2":5},"f":{"0":5},"b":{},"_coverageSchema":"1a1c01bbd47fc00a2c39e90264f33305004495a9","hash":"d689bcc45d20095f8d265cf4d65f0cffecf4b6b5"}
,"/home/phetso/react-fitness-tracker-Phetsodonald/fitness-tracker/src/components/Media/VideoPlayer.jsx": {"path":"/home/phetso/react-fitness-tracker-Phetsodonald/fitness-tracker/src/components/Media/VideoPlayer.jsx","statementMap":{"0":{"start":{"line":4,"column":20},"end":{"line":15,"column":1}},"1":{"start":{"line":5,"column":4},"end":{"line":14,"column":5}},"2":{"start":{"line":17,"column":0},"end":{"line":21,"column":1}}},"fnMap":{"0":{"name":"(anonymous_0)","decl":{"start":{"line":4,"column":20},"end":{"line":4,"column":21}},"loc":{"start":{"line":4,"column":56},"end":{"line":15,"column":1}},"line":4}},"branchMap":{},"s":{"0":5,"1":4,"2":5},"f":{"0":4},"b":{},"_coverageSchema":"1a1c01bbd47fc00a2c39e90264f33305004495a9","hash":"1f0a6141ffd674d4edcb7c07934f0496ba7138ae"}
,"/home/phetso/react-fitness-tracker-Phetsodonald/fitness-tracker/src/components/Navigation/Navbar.jsx": {"path":"/home/phetso/react-fitness-tracker-Phetsodonald/fitness-tracker/src/components/Navigation/Navbar.jsx","statementMap":{"0":{"start":{"line":6,"column":21},"end":{"line":6,"column":34}},"1":{"start":{"line":8,"column":4},"end":{"line":71,"column":6}},"2":{"start":{"line":74,"column":0},"end":{"line":76,"column":1}}},"fnMap":{"0":{"name":"Navbar","decl":{"start":{"line":5,"column":9},"end":{"line":5,"column":15}},"loc":{"start":{"line":5,"column":28},"end":{"line":72,"column":1}},"line":5}},"branchMap":{"0":{"loc":{"start":{"line":9,"column":47},"end":{"line":9,"column":72}},"type":"cond-expr","locations":[{"start":{"line":9,"column":56},"end":{"line":9,"column":67}},{"start":{"line":9,"column":70},"end":{"line":9,"column":72}}],"line":9},"1":{"loc":{"start":{"line":13,"column":31},"end":{"line":13,"column":77}},"type":"cond-expr","locations":[{"start":{"line":13,"column":59},"end":{"line":13,"column":72}},{"start":{"line":13,"column":75},"end":{"line":13,"column":77}}],"line":13},"2":{"loc":{"start":{"line":23,"column":24},"end":{"line":25,"column":32}},"type":"cond-expr","locations":[{"start":{"line":24,"column":30},"end":{"line":24,"column":43}},{"start":{"line":25,"column":30},"end":{"line":25,"column":32}}],"line":23},"3":{"loc":{"start":{"line":36,"column":24},"end":{"line":38,"column":32}},"type":"cond-expr","locations":[{"start":{"line":37,"column":30},"end":{"line":37,"column":43}},{"start":{"line":38,"column":30},"end":{"line":38,"column":32}}],"line":36},"4":{"loc":{"start":{"line":49,"column":24},"end":{"line":51,"column":32}},"type":"cond-expr","locations":[{"start":{"line":50,"column":30},"end":{"line":50,"column":43}},{"start":{"line":51,"column":30},"end":{"line":51,"column":32}}],"line":49},"5":{"loc":{"start":{"line":62,"column":24},"end":{"line":64,"column":32}},"type":"cond-expr","locations":[{"start":{"line":63,"column":30},"end":{"line":63,"column":43}},{"start":{"line":64,"column":30},"end":{"line":64,"column":32}}],"line":62}},"s":{"0":18,"1":18,"2":8},"f":{"0":18},"b":{"0":[0,18],"1":[9,9],"2":[4,14],"3":[2,16],"4":[0,18],"5":[2,16]},"_coverageSchema":"1a1c01bbd47fc00a2c39e90264f33305004495a9","hash":"cce8b74af9731a8b87fc66d472079b6550263bc0"}
,"/home/phetso/react-fitness-tracker-Phetsodonald/fitness-tracker/src/components/UI/Badge.jsx": {"path":"/home/phetso/react-fitness-tracker-Phetsodonald/fitness-tracker/src/components/UI/Badge.jsx","statementMap":{"0":{"start":{"line":4,"column":14},"end":{"line":15,"column":1}},"1":{"start":{"line":5,"column":4},"end":{"line":14,"column":6}},"2":{"start":{"line":17,"column":0},"end":{"line":20,"column":2}}},"fnMap":{"0":{"name":"(anonymous_0)","decl":{"start":{"line":4,"column":14},"end":{"line":4,"column":15}},"loc":{"start":{"line":4,"column":50},"end":{"line":15,"column":1}},"line":4}},"branchMap":{"0":{"loc":{"start":{"line":4,"column":27},"end":{"line":4,"column":43}},"type":"default-arg","locations":[{"start":{"line":4,"column":34},"end":{"line":4,"column":43}}],"line":4},"1":{"loc":{"start":{"line":9,"column":25},"end":{"line":9,"column":52}},"type":"cond-expr","locations":[{"start":{"line":9,"column":44},"end":{"line":9,"column":48}},{"start":{"line":9,"column":51},"end":{"line":9,"column":52}}],"line":9}},"s":{"0":7,"1":164,"2":7},"f":{"0":164},"b":{"0":[83],"1":[79,85]},"_coverageSchema":"1a1c01bbd47fc00a2c39e90264f33305004495a9","hash":"e0e44eae52cdff7b869c0a68214d4a170bca9b11"}
,"/home/phetso/react-fitness-tracker-Phetsodonald/fitness-tracker/src/components/UI/Button.jsx": {"path":"/home/phetso/react-fitness-tracker-Phetsodonald/fitness-tracker/src/components/UI/Button.jsx","statementMap":{"0":{"start":{"line":4,"column":15},"end":{"line":10,"column":1}},"1":{"start":{"line":5,"column":4},"end":{"line":9,"column":5}},"2":{"start":{"line":12,"column":0},"end":{"line":18,"column":1}}},"fnMap":{"0":{"name":"(anonymous_0)","decl":{"start":{"line":4,"column":15},"end":{"line":4,"column":16}},"loc":{"start":{"line":4,"column":90},"end":{"line":10,"column":1}},"line":4}},"branchMap":{"0":{"loc":{"start":{"line":4,"column":27},"end":{"line":4,"column":44}},"type":"default-arg","locations":[{"start":{"line":4,"column":35},"end":{"line":4,"column":44}}],"line":4},"1":{"loc":{"start":{"line":4,"column":46},"end":{"line":4,"column":59}},"type":"default-arg","locations":[{"start":{"line":4,"column":51},"end":{"line":4,"column":59}}],"line":4},"2":{"loc":{"start":{"line":4,"column":70},"end":{"line":4,"column":84}},"type":"default-arg","locations":[{"start":{"line":4,"column":79},"end":{"line":4,"column":84}}],"line":4}},"s":{"0":12,"1":205,"2":12},"f":{"0":205},"b":{"0":[102],"1":[176],"2":[124]},"_coverageSchema":"1a1c01bbd47fc00a2c39e90264f33305004495a9","hash":"86dc727714d4f51ff639324ebe6f7e92a5dfdb66"}
,"/home/phetso/react-fitness-tracker-Phetsodonald/fitness-tracker/src/components/UI/Card.jsx": {"path":"/home/phetso/react-fitness-tracker-Phetsodonald/fitness-tracker/src/components/UI/Card.jsx","statementMap":{"0":{"start":{"line":4,"column":13},"end":{"line":11,"column":1}},"1":{"start":{"line":5,"column":4},"end":{"line":10,"column":5}},"2":{"start":{"line":13,"column":0},"end":{"line":17,"column":1}}},"fnMap":{"0":{"name":"(anonymous_0)","decl":{"start":{"line":4,"column":13},"end":{"line":4,"column":14}},"loc":{"start":{"line":4,"column":55},"end":{"line":11,"column":1}},"line":4}},"branchMap":{"0":{"loc":{"start":{"line":4,"column":32},"end":{"line":4,"column":49}},"type":"default-arg","locations":[{"start":{"line":4,"column":44},"end":{"line":4,"column":49}}],"line":4},"1":{"loc":{"start":{"line":6,"column":57},"end":{"line":6,"column":91}},"type":"cond-expr","locations":[{"start":{"line":6,"column":71},"end":{"line":6,"column":80}},{"start":{"line":6,"column":82},"end":{"line":6,"column":91}}],"line":6},"2":{"loc":{"start":{"line":7,"column":13},"end":{"line":7,"column":36}},"type":"binary-expr","locations":[{"start":{"line":7,"column":13},"end":{"line":7,"column":18}},{"start":{"line":7,"column":20},"end":{"line":7,"column":36}}],"line":7}},"s":{"0":12,"1":119,"2":12},"f":{"0":119},"b":{"0":[38],"1":[81,38],"2":[119,35]},"_coverageSchema":"1a1c01bbd47fc00a2c39e90264f33305004495a9","hash":"c155d048347867c5dbc252c3c245bb3ccf9f9c8e"}
,"/home/phetso/react-fitness-tracker-Phetsodonald/fitness-tracker/src/components/UI/EmptyState.jsx": {"path":"/home/phetso/react-fitness-tracker-Phetsodonald/fitness-tracker/src/components/UI/EmptyState.jsx","statementMap":{"0":{"start":{"line":3,"column":19},"end":{"line":9,"column":1}},"1":{"start":{"line":4,"column":4},"end":{"line":8,"column":5}},"2":{"start":{"line":11,"column":0},"end":{"line":13,"column":1}}},"fnMap":{"0":{"name":"(anonymous_0)","decl":{"start":{"line":3,"column":19},"end":{"line":3,"column":20}},"loc":{"start":{"line":3,"column":54},"end":{"line":9,"column":1}},"line":3}},"branchMap":{"0":{"loc":{"start":{"line":3,"column":21},"end":{"line":3,"column":48}},"type":"default-arg","locations":[{"start":{"line":3,"column":29},"end":{"line":3,"column":48}}],"line":3}},"s":{"0":7,"1":17,"2":7},"f":{"0":17},"b":{"0":[0]},"_coverageSchema":"1a1c01bbd47fc00a2c39e90264f33305004495a9","hash":"7c224b78172ab0e607d942a9f02937b41f85a757"}
,"/home/phetso/react-fitness-tracker-Phetsodonald/fitness-tracker/src/components/UI/Loading.jsx": {"path":"/home/phetso/react-fitness-tracker-Phetsodonald/fitness-tracker/src/components/UI/Loading.jsx","statementMap":{"0":{"start":{"line":3,"column":16},"end":{"line":10,"column":1}},"1":{"start":{"line":4,"column":4},"end":{"line":9,"column":5}},"2":{"start":{"line":12,"column":0},"end":{"line":14,"column":2}}},"fnMap":{"0":{"name":"(anonymous_0)","decl":{"start":{"line":3,"column":16},"end":{"line":3,"column":17}},"loc":{"start":{"line":3,"column":44},"end":{"line":10,"column":1}},"line":3}},"branchMap":{"0":{"loc":{"start":{"line":3,"column":18},"end":{"line":3,"column":38}},"type":"default-arg","locations":[{"start":{"line":3,"column":26},"end":{"line":3,"column":38}}],"line":3}},"s":{"0":5,"1":4,"2":5},"f":{"0":4},"b":{"0":[0]},"_coverageSchema":"1a1c01bbd47fc00a2c39e90264f33305004495a9","hash":"fb9454e306b0e4e2f29a264d8fa541c1161a2d29"}
,"/home/phetso/react-fitness-tracker-Phetsodonald/fitness-tracker/src/components/UI/Modal.jsx": {"path":"/home/phetso/react-fitness-tracker-Phetsodonald/fitness-tracker/src/components/UI/Modal.jsx","statementMap":{"0":{"start":{"line":5,"column":14},"end":{"line":15,"column":1}},"1":{"start":{"line":6,"column":4},"end":{"line":14,"column":6}},"2":{"start":{"line":17,"column":0},"end":{"line":21,"column":1}}},"fnMap":{"0":{"name":"(anonymous_0)","decl":{"start":{"line":5,"column":14},"end":{"line":5,"column":15}},"loc":{"start":{"line":5,"column":56},"end":{"line":15,"column":1}},"line":5}},"branchMap":{"0":{"loc":{"start":{"line":5,"column":26},"end":{"line":5,"column":41}},"type":"default-arg","locations":[{"start":{"line":5,"column":32},"end":{"line":5,"column":41}}],"line":5}},"s":{"0":1,"1":1,"2":1},"f":{"0":1},"b":{"0":[0]},"_coverageSchema":"1a1c01bbd47fc00a2c39e90264f33305004495a9","hash":"183d28f66fb5de69cb5a8f6c72c56b2d7c3655fd"}
,"/home/phetso/react-fitness-tracker-Phetsodonald/fitness-tracker/src/components/UI/SearchBar.jsx": {"path":"/home/phetso/react-fitness-tracker-Phetsodonald/fitness-tracker/src/components/UI/SearchBar.jsx","statementMap":{"0":{"start":{"line":6,"column":18},"end":{"line":39,"column":1}},"1":{"start":{"line":7,"column":28},"end":{"line":7,"column":48}},"2":{"start":{"line":9,"column":19},"end":{"line":12,"column":5}},"3":{"start":{"line":10,"column":8},"end":{"line":10,"column":31}},"4":{"start":{"line":11,"column":8},"end":{"line":11,"column":23}},"5":{"start":{"line":14,"column":19},"end":{"line":17,"column":5}},"6":{"start":{"line":15,"column":8},"end":{"line":15,"column":36}},"7":{"start":{"line":16,"column":8},"end":{"line":16,"column":36}},"8":{"start":{"line":19,"column":20},"end":{"line":21,"column":5}},"9":{"start":{"line":20,"column":8},"end":{"line":20,"column":30}},"10":{"start":{"line":23,"column":19},"end":{"line":25,"column":5}},"11":{"start":{"line":24,"column":8},"end":{"line":24,"column":49}},"12":{"start":{"line":27,"column":18},"end":{"line":30,"column":5}},"13":{"start":{"line":28,"column":8},"end":{"line":28,"column":20}},"14":{"start":{"line":29,"column":8},"end":{"line":29,"column":18}},"15":{"start":{"line":32,"column":4},"end":{"line":38,"column":6}},"16":{"start":{"line":41,"column":0},"end":{"line":46,"column":1}}},"fnMap":{"0":{"name":"(anonymous_0)","decl":{"start":{"line":6,"column":18},"end":{"line":6,"column":19}},"loc":{"start":{"line":6,"column":93},"end":{"line":39,"column":1}},"line":6},"1":{"name":"(anonymous_1)","decl":{"start":{"line":9,"column":19},"end":{"line":9,"column":20}},"loc":{"start":{"line":9,"column":28},"end":{"line":12,"column":5}},"line":9},"2":{"name":"(anonymous_2)","decl":{"start":{"line":14,"column":19},"end":{"line":14,"column":20}},"loc":{"start":{"line":14,"column":28},"end":{"line":17,"column":5}},"line":14},"3":{"name":"(anonymous_3)","decl":{"start":{"line":19,"column":20},"end":{"line":19,"column":21}},"loc":{"start":{"line":19,"column":29},"end":{"line":21,"column":5}},"line":19},"4":{"name":"(anonymous_4)","decl":{"start":{"line":23,"column":19},"end":{"line":23,"column":20}},"loc":{"start":{"line":23,"column":28},"end":{"line":25,"column":5}},"line":23},"5":{"name":"(anonymous_5)","decl":{"start":{"line":27,"column":18},"end":{"line":27,"column":19}},"loc":{"start":{"line":27,"column":24},"end":{"line":30,"column":5}},"line":27}},"branchMap":{"0":{"loc":{"start":{"line":6,"column":39},"end":{"line":6,"column":52}},"type":"default-arg","locations":[{"start":{"line":6,"column":50},"end":{"line":6,"column":52}}],"line":6},"1":{"loc":{"start":{"line":6,"column":54},"end":{"line":6,"column":87}},"type":"default-arg","locations":[{"start":{"line":6,"column":66},"end":{"line":6,"column":87}}],"line":6}},"s":{"0":5,"1":13,"2":13,"3":1,"4":1,"5":13,"6":4,"7":4,"8":13,"9":1,"10":13,"11":1,"12":13,"13":1,"14":1,"15":13,"16":5},"f":{"0":13,"1":1,"2":4,"3":1,"4":1,"5":1},"b":{"0":[11],"1":[13]},"_coverageSchema":"1a1c01bbd47fc00a2c39e90264f33305004495a9","hash":"40ceee7068e0ea996a51deae12c446e84d997285"}
,"/home/phetso/react-fitness-tracker-Phetsodonald/fitness-tracker/src/components/WorkoutLog/LogEntry.jsx": {"path":"/home/phetso/react-fitness-tracker-Phetsodonald/fitness-tracker/src/components/WorkoutLog/LogEntry.jsx","statementMap":{"0":{"start":{"line":5,"column":17},"end":{"line":18,"column":1}},"1":{"start":{"line":6,"column":4},"end":{"line":17,"column":5}},"2":{"start":{"line":13,"column":43},"end":{"line":13,"column":63}},"3":{"start":{"line":20,"column":0},"end":{"line":23,"column":1}}},"fnMap":{"0":{"name":"(anonymous_0)","decl":{"start":{"line":5,"column":17},"end":{"line":5,"column":18}},"loc":{"start":{"line":5,"column":42},"end":{"line":18,"column":1}},"line":5},"1":{"name":"(anonymous_1)","decl":{"start":{"line":13,"column":37},"end":{"line":13,"column":38}},"loc":{"start":{"line":13,"column":43},"end":{"line":13,"column":63}},"line":13}},"branchMap":{},"s":{"0":4,"1":1,"2":0,"3":4},"f":{"0":1,"1":0},"b":{},"_coverageSchema":"1a1c01bbd47fc00a2c39e90264f33305004495a9","hash":"1c47d4193ec16c5562493d023bdb439df77e7e7e"}
,"/home/phetso/react-fitness-tracker-Phetsodonald/fitness-tracker/src/components/WorkoutLog/ProgressChart.jsx": {"path":"/home/phetso/react-fitness-tracker-Phetsodonald/fitness-tracker/src/components/WorkoutLog/ProgressChart.jsx","statementMap":{"0":{"start":{"line":5,"column":20},"end":{"line":10,"column":1}},"1":{"start":{"line":6,"column":31},"end":{"line":6,"column":45}},"2":{"start":{"line":7,"column":2},"end":{"line":9,"column":408}},"3":{"start":{"line":9,"column":37},"end":{"line":9,"column":307}},"4":{"start":{"line":9,"column":89},"end":{"line":9,"column":106}},"5":{"start":{"line":9,"column":364},"end":{"line":9,"column":379}},"6":{"start":{"line":11,"column":0},"end":{"line":11,"column":61}}},"fnMap":{"0":{"name":"(anonymous_0)","decl":{"start":{"line":5,"column":20},"end":{"line":5,"column":21}},"loc":{"start":{"line":5,"column":33},"end":{"line":10,"column":1}},"line":5},"1":{"name":"(anonymous_1)","decl":{"start":{"line":9,"column":30},"end":{"line":9,"column":31}},"loc":{"start":{"line":9,"column":37},"end":{"line":9,"column":307}},"line":9},"2":{"name":"(anonymous_2)","decl":{"start":{"line":9,"column":85},"end":{"line":9,"column":86}},"loc":{"start":{"line":9,"column":89},"end":{"line":9,"column":106}},"line":9},"3":{"name":"(anonymous_3)","decl":{"start":{"line":9,"column":361},"end":{"line":9,"column":362}},"loc":{"start":{"line":9,"column":364},"end":{"line":9,"column":379}},"line":9}},"branchMap":{"0":{"loc":{"start":{"line":9,"column":191},"end":{"line":9,"column":226}},"type":"cond-expr","locations":[{"start":{"line":9,"column":207},"end":{"line":9,"column":216}},{"start":{"line":9,"column":217},"end":{"line":9,"column":226}}],"line":9},"1":{"loc":{"start":{"line":9,"column":316},"end":{"line":9,"column":399}},"type":"binary-expr","locations":[{"start":{"line":9,"column":316},"end":{"line":9,"column":324}},{"start":{"line":9,"column":326},"end":{"line":9,"column":399}}],"line":9}},"s":{"0":4,"1":1,"2":1,"3":1,"4":0,"5":0,"6":4},"f":{"0":1,"1":1,"2":0,"3":0},"b":{"0":[0,1],"1":[1,0]},"_coverageSchema":"1a1c01bbd47fc00a2c39e90264f33305004495a9","hash":"d8c0a13d8dbdd85d3a3b0358030d2768a861f02b"}
,"/home/phetso/react-fitness-tracker-Phetsodonald/fitness-tracker/src/components/WorkoutLog/WorkoutLog.jsx": {"path":"/home/phetso/react-fitness-tracker-Phetsodonald/fitness-tracker/src/components/WorkoutLog/WorkoutLog.jsx","statementMap":{"0":{"start":{"line":8,"column":19},"end":{"line":31,"column":13}},"1":{"start":{"line":9,"column":40},"end":{"line":9,"column":72}},"2":{"start":{"line":10,"column":28},"end":{"line":10,"column":39}},"3":{"start":{"line":11,"column":28},"end":{"line":11,"column":40}},"4":{"start":{"line":12,"column":32},"end":{"line":12,"column":43}},"5":{"start":{"line":13,"column":17},"end":{"line":16,"column":193}},"6":{"start":{"line":14,"column":8},"end":{"line":14,"column":27}},"7":{"start":{"line":15,"column":23},"end":{"line":15,"column":67}},"8":{"start":{"line":15,"column":41},"end":{"line":15,"column":66}},"9":{"start":{"line":16,"column":8},"end":{"line":16,"column":192}},"10":{"start":{"line":16,"column":20},"end":{"line":16,"column":192}},"11":{"start":{"line":17,"column":8},"end":{"line":30,"column":18}},"12":{"start":{"line":19,"column":56},"end":{"line":19,"column":85}},"13":{"start":{"line":20,"column":20},"end":{"line":20,"column":69}},"14":{"start":{"line":22,"column":71},"end":{"line":22,"column":94}},"15":{"start":{"line":23,"column":71},"end":{"line":23,"column":94}},"16":{"start":{"line":24,"column":73},"end":{"line":24,"column":98}},"17":{"start":{"line":28,"column":72},"end":{"line":28,"column":126}},"18":{"start":{"line":34,"column":0},"end":{"line":39,"column":2}}},"fnMap":{"0":{"name":"(anonymous_0)","decl":{"start":{"line":8,"column":19},"end":{"line":8,"column":20}},"loc":{"start":{"line":8,"column":62},"end":{"line":31,"column":13}},"line":8},"1":{"name":"(anonymous_1)","decl":{"start":{"line":13,"column":17},"end":{"line":13,"column":18}},"loc":{"start":{"line":13,"column":20},"end":{"line":16,"column":193}},"line":13},"2":{"name":"(anonymous_2)","decl":{"start":{"line":15,"column":38},"end":{"line":15,"column":39}},"loc":{"start":{"line":15,"column":41},"end":{"line":15,"column":66}},"line":15},"3":{"name":"(anonymous_3)","decl":{"start":{"line":19,"column":53},"end":{"line":19,"column":54}},"loc":{"start":{"line":19,"column":56},"end":{"line":19,"column":85}},"line":19},"4":{"name":"(anonymous_4)","decl":{"start":{"line":19,"column":102},"end":{"line":19,"column":103}},"loc":{"start":{"line":20,"column":20},"end":{"line":20,"column":69}},"line":20},"5":{"name":"(anonymous_5)","decl":{"start":{"line":22,"column":68},"end":{"line":22,"column":69}},"loc":{"start":{"line":22,"column":71},"end":{"line":22,"column":94}},"line":22},"6":{"name":"(anonymous_6)","decl":{"start":{"line":23,"column":68},"end":{"line":23,"column":69}},"loc":{"start":{"line":23,"column":71},"end":{"line":23,"column":94}},"line":23},"7":{"name":"(anonymous_7)","decl":{"start":{"line":24,"column":70},"end":{"line":24,"column":71}},"loc":{"start":{"line":24,"column":73},"end":{"line":24,"column":98}},"line":24},"8":{"name":"(anonymous_8)","decl":{"start":{"line":28,"column":69},"end":{"line":28,"column":70}},"loc":{"start":{"line":28,"column":72},"end":{"line":28,"column":126}},"line":28}},"branchMap":{"0":{"loc":{"start":{"line":9,"column":49},"end":{"line":9,"column":71}},"type":"binary-expr","locations":[{"start":{"line":9,"column":49},"end":{"line":9,"column":65}},{"start":{"line":9,"column":69},"end":{"line":9,"column":71}}],"line":9},"1":{"loc":{"start":{"line":16,"column":8},"end":{"line":16,"column":192}},"type":"if","locations":[{"start":{"line":16,"column":8},"end":{"line":16,"column":192}},{"start":{},"end":{}}],"line":16},"2":{"loc":{"start":{"line":28,"column":42},"end":{"line":28,"column":175}},"type":"cond-expr","locations":[{"start":{"line":28,"column":57},"end":{"line":28,"column":127}},{"start":{"line":28,"column":128},"end":{"line":28,"column":175}}],"line":28}},"s":{"0":4,"1":3,"2":3,"3":3,"4":3,"5":3,"6":1,"7":1,"8":1,"9":1,"10":1,"11":3,"12":0,"13":51,"14":0,"15":0,"16":0,"17":1,"18":4},"f":{"0":3,"1":1,"2":1,"3":0,"4":51,"5":0,"6":0,"7":0,"8":1},"b":{"0":[3,0],"1":[1,0],"2":[1,2]},"_coverageSchema":"1a1c01bbd47fc00a2c39e90264f33305004495a9","hash":"d89194369152e13bfe55e36810d5569a113dcae0"}
,"/home/phetso/react-fitness-tracker-Phetsodonald/fitness-tracker/src/components/WorkoutPlanner/DayCard.jsx": {"path":"/home/phetso/react-fitness-tracker-Phetsodonald/fitness-tracker/src/components/WorkoutPlanner/DayCard.jsx","statementMap":{"0":{"start":{"line":7,"column":14},"end":{"line":15,"column":7}},"1":{"start":{"line":8,"column":0},"end":{"line":15,"column":7}},"2":{"start":{"line":10,"column":8},"end":{"line":13,"column":14}},"3":{"start":{"line":12,"column":50},"end":{"line":12,"column":69}},"4":{"start":{"line":13,"column":123},"end":{"line":13,"column":135}},"5":{"start":{"line":17,"column":0},"end":{"line":22,"column":2}}},"fnMap":{"0":{"name":"(anonymous_0)","decl":{"start":{"line":7,"column":14},"end":{"line":7,"column":15}},"loc":{"start":{"line":8,"column":0},"end":{"line":15,"column":7}},"line":8},"1":{"name":"(anonymous_1)","decl":{"start":{"line":9,"column":64},"end":{"line":9,"column":65}},"loc":{"start":{"line":10,"column":8},"end":{"line":13,"column":14}},"line":10},"2":{"name":"(anonymous_2)","decl":{"start":{"line":12,"column":46},"end":{"line":12,"column":47}},"loc":{"start":{"line":12,"column":50},"end":{"line":12,"column":69}},"line":12},"3":{"name":"(anonymous_3)","decl":{"start":{"line":13,"column":119},"end":{"line":13,"column":120}},"loc":{"start":{"line":13,"column":123},"end":{"line":13,"column":135}},"line":13}},"branchMap":{"0":{"loc":{"start":{"line":9,"column":33},"end":{"line":13,"column":60}},"type":"cond-expr","locations":[{"start":{"line":9,"column":50},"end":{"line":13,"column":15}},{"start":{"line":13,"column":16},"end":{"line":13,"column":60}}],"line":9},"1":{"loc":{"start":{"line":13,"column":62},"end":{"line":13,"column":155}},"type":"binary-expr","locations":[{"start":{"line":13,"column":62},"end":{"line":13,"column":80}},{"start":{"line":13,"column":82},"end":{"line":13,"column":155}}],"line":13}},"s":{"0":4,"1":17,"2":3,"3":1,"4":0,"5":4},"f":{"0":17,"1":3,"2":1,"3":0},"b":{"0":[3,14],"1":[17,3]},"_coverageSchema":"1a1c01bbd47fc00a2c39e90264f33305004495a9","hash":"cc97402a6d51b47c587b5e3659ef9baad0392342"}
,"/home/phetso/react-fitness-tracker-Phetsodonald/fitness-tracker/src/components/WorkoutPlanner/WorkoutPlanner.jsx": {"path":"/home/phetso/react-fitness-tracker-Phetsodonald/fitness-tracker/src/components/WorkoutPlanner/WorkoutPlanner.jsx","statementMap":{"0":{"start":{"line":5,"column":11},"end":{"line":5,"column":83}},"1":{"start":{"line":6,"column":13},"end":{"line":6,"column":31}},"2":{"start":{"line":6,"column":16},"end":{"line":6,"column":31}},"3":{"start":{"line":8,"column":21},"end":{"line":11,"column":6}},"4":{"start":{"line":9,"column":0},"end":{"line":11,"column":6}},"5":{"start":{"line":10,"column":4},"end":{"line":10,"column":113}},"6":{"start":{"line":13,"column":0},"end":{"line":17,"column":2}}},"fnMap":{"0":{"name":"(anonymous_0)","decl":{"start":{"line":6,"column":13},"end":{"line":6,"column":14}},"loc":{"start":{"line":6,"column":16},"end":{"line":6,"column":31}},"line":6},"1":{"name":"(anonymous_1)","decl":{"start":{"line":8,"column":21},"end":{"line":8,"column":22}},"loc":{"start":{"line":9,"column":0},"end":{"line":11,"column":6}},"line":9},"2":{"name":"(anonymous_2)","decl":{"start":{"line":9,"column":39},"end":{"line":9,"column":40}},"loc":{"start":{"line":10,"column":4},"end":{"line":10,"column":113}},"line":10}},"branchMap":{"0":{"loc":{"start":{"line":10,"column":44},"end":{"line":10,"column":72}},"type":"binary-expr","locations":[{"start":{"line":10,"column":44},"end":{"line":10,"column":68}},{"start":{"line":10,"column":70},"end":{"line":10,"column":72}}],"line":10}},"s":{"0":3,"1":3,"2":14,"3":3,"4":2,"5":14,"6":3},"f":{"0":14,"1":2,"2":14},"b":{"0":[14,0]},"_coverageSchema":"1a1c01bbd47fc00a2c39e90264f33305004495a9","hash":"c034d8789266b7db22dde8e7fe7a236a76b39112"}
,"/home/phetso/react-fitness-tracker-Phetsodonald/fitness-tracker/src/components/common/Footer.jsx": {"path":"/home/phetso/react-fitness-tracker-Phetsodonald/fitness-tracker/src/components/common/Footer.jsx","statementMap":{"0":{"start":{"line":1,"column":15},"end":{"line":7,"column":1}},"1":{"start":{"line":2,"column":4},"end":{"line":6,"column":5}}},"fnMap":{"0":{"name":"(anonymous_0)","decl":{"start":{"line":1,"column":15},"end":{"line":1,"column":16}},"loc":{"start":{"line":1,"column":21},"end":{"line":7,"column":1}},"line":1}},"branchMap":{},"s":{"0":3,"1":7},"f":{"0":7},"b":{},"_coverageSchema":"1a1c01bbd47fc00a2c39e90264f33305004495a9","hash":"8b63f4b7ce746c6274adb1b21830be026044eb48"}
,"/home/phetso/react-fitness-tracker-Phetsodonald/fitness-tracker/src/components/common/Header.jsx": {"path":"/home/phetso/react-fitness-tracker-Phetsodonald/fitness-tracker/src/components/common/Header.jsx","statementMap":{"0":{"start":{"line":8,"column":32},"end":{"line":8,"column":47}},"1":{"start":{"line":10,"column":4},"end":{"line":23,"column":6}},"2":{"start":{"line":26,"column":0},"end":{"line":29,"column":2}}},"fnMap":{"0":{"name":"Header","decl":{"start":{"line":7,"column":9},"end":{"line":7,"column":15}},"loc":{"start":{"line":7,"column":37},"end":{"line":24,"column":1}},"line":7}},"branchMap":{"0":{"loc":{"start":{"line":14,"column":13},"end":{"line":14,"column":38}},"type":"binary-expr","locations":[{"start":{"line":14,"column":13},"end":{"line":14,"column":18}},{"start":{"line":14,"column":22},"end":{"line":14,"column":38}}],"line":14},"1":{"loc":{"start":{"line":15,"column":13},"end":{"line":15,"column":42}},"type":"binary-expr","locations":[{"start":{"line":15,"column":13},"end":{"line":15,"column":21}},{"start":{"line":15,"column":25},"end":{"line":15,"column":42}}],"line":15}},"s":{"0":17,"1":17,"2":7},"f":{"0":17},"b":{"0":[17,17],"1":[17,17]},"_coverageSchema":"1a1c01bbd47fc00a2c39e90264f33305004495a9","hash":"cd96249abf8b14018538c87ee0a0220a9ae4d6ca"}
,"/home/phetso/react-fitness-tracker-Phetsodonald/fitness-tracker/src/data/exercisesData.js": {"path":"/home/phetso/react-fitness-tracker-Phetsodonald/fitness-tracker/src/data/exercisesData.js","statementMap":{"0":{"start":{"line":1,"column":29},"end":{"line":27,"column":1}}},"fnMap":{},"branchMap":{},"s":{"0":4},"f":{},"b":{},"_coverageSchema":"1a1c01bbd47fc00a2c39e90264f33305004495a9","hash":"ec41655c870fa82ba67a4bdfc77fe8aa3d5587df"}
,"/home/phetso/react-fitness-tracker-Phetsodonald/fitness-tracker/src/hooks/useLocalStorage.js": {"path":"/home/phetso/react-fitness-tracker-Phetsodonald/fitness-tracker/src/hooks/useLocalStorage.js","statementMap":{"0":{"start":{"line":3,"column":24},"end":{"line":10,"column":1}},"1":{"start":{"line":4,"column":28},"end":{"line":7,"column":4}},"2":{"start":{"line":5,"column":4},"end":{"line":6,"column":34}},"3":{"start":{"line":5,"column":10},"end":{"line":5,"column":71}},"4":{"start":{"line":6,"column":12},"end":{"line":6,"column":32}},"5":{"start":{"line":8,"column":2},"end":{"line":8,"column":82}},"6":{"start":{"line":8,"column":18},"end":{"line":8,"column":66}},"7":{"start":{"line":9,"column":2},"end":{"line":9,"column":27}}},"fnMap":{"0":{"name":"(anonymous_0)","decl":{"start":{"line":3,"column":24},"end":{"line":3,"column":25}},"loc":{"start":{"line":3,"column":47},"end":{"line":10,"column":1}},"line":3},"1":{"name":"(anonymous_1)","decl":{"start":{"line":4,"column":37},"end":{"line":4,"column":38}},"loc":{"start":{"line":4,"column":43},"end":{"line":7,"column":3}},"line":4},"2":{"name":"(anonymous_2)","decl":{"start":{"line":8,"column":12},"end":{"line":8,"column":13}},"loc":{"start":{"line":8,"column":18},"end":{"line":8,"column":66}},"line":8}},"branchMap":{"0":{"loc":{"start":{"line":5,"column":17},"end":{"line":5,"column":70}},"type":"binary-expr","locations":[{"start":{"line":5,"column":17},"end":{"line":5,"column":54}},{"start":{"line":5,"column":58},"end":{"line":5,"column":70}}],"line":5}},"s":{"0":4,"1":17,"2":12,"3":12,"4":0,"5":17,"6":15,"7":17},"f":{"0":17,"1":12,"2":15},"b":{"0":[12,10]},"_coverageSchema":"1a1c01bbd47fc00a2c39e90264f33305004495a9","hash":"69eb04bd1414475c86b5c568c6f414bdd4aad030"}
,"/home/phetso/react-fitness-tracker-Phetsodonald/fitness-tracker/src/pages/ExerciseDetailPage.jsx": {"path":"/home/phetso/react-fitness-tracker-Phetsodonald/fitness-tracker/src/pages/ExerciseDetailPage.jsx","statementMap":{"0":{"start":{"line":6,"column":25},"end":{"line":16,"column":1}},"1":{"start":{"line":7,"column":15},"end":{"line":7,"column":26}},"2":{"start":{"line":8,"column":19},"end":{"line":8,"column":32}},"3":{"start":{"line":9,"column":19},"end":{"line":9,"column":59}},"4":{"start":{"line":9,"column":41},"end":{"line":9,"column":58}},"5":{"start":{"line":10,"column":4},"end":{"line":15,"column":11}},"6":{"start":{"line":12,"column":56},"end":{"line":12,"column":78}},"7":{"start":{"line":14,"column":29},"end":{"line":14,"column":51}}},"fnMap":{"0":{"name":"(anonymous_0)","decl":{"start":{"line":6,"column":25},"end":{"line":6,"column":26}},"loc":{"start":{"line":6,"column":36},"end":{"line":16,"column":1}},"line":6},"1":{"name":"(anonymous_1)","decl":{"start":{"line":9,"column":38},"end":{"line":9,"column":39}},"loc":{"start":{"line":9,"column":41},"end":{"line":9,"column":58}},"line":9},"2":{"name":"(anonymous_2)","decl":{"start":{"line":12,"column":52},"end":{"line":12,"column":53}},"loc":{"start":{"line":12,"column":56},"end":{"line":12,"column":78}},"line":12},"3":{"name":"(anonymous_3)","decl":{"start":{"line":14,"column":25},"end":{"line":14,"column":26}},"loc":{"start":{"line":14,"column":29},"end":{"line":14,"column":51}},"line":14}},"branchMap":{"0":{"loc":{"start":{"line":10,"column":11},"end":{"line":15,"column":11}},"type":"cond-expr","locations":[{"start":{"line":10,"column":20},"end":{"line":12,"column":98}},{"start":{"line":12,"column":99},"end":{"line":15,"column":11}}],"line":10}},"s":{"0":3,"1":0,"2":0,"3":0,"4":0,"5":0,"6":0,"7":0},"f":{"0":0,"1":0,"2":0,"3":0},"b":{"0":[0,0]},"_coverageSchema":"1a1c01bbd47fc00a2c39e90264f33305004495a9","hash":"3df8964c12b647ecb4f3fbf2d2986071017dec51"}
,"/home/phetso/react-fitness-tracker-Phetsodonald/fitness-tracker/src/pages/ExercisesPage.jsx": {"path":"/home/phetso/react-fitness-tracker-Phetsodonald/fitness-tracker/src/pages/ExercisesPage.jsx","statementMap":{"0":{"start":{"line":9,"column":22},"end":{"line":31,"column":1}},"1":{"start":{"line":10,"column":38},"end":{"line":10,"column":50}},"2":{"start":{"line":11,"column":40},"end":{"line":11,"column":52}},"3":{"start":{"line":12,"column":36},"end":{"line":12,"column":51}},"4":{"start":{"line":13,"column":42},"end":{"line":13,"column":57}},"5":{"start":{"line":14,"column":40},"end":{"line":14,"column":55}},"6":{"start":{"line":15,"column":38},"end":{"line":15,"column":52}},"7":{"start":{"line":16,"column":30},"end":{"line":16,"column":42}},"8":{"start":{"line":17,"column":21},"end":{"line":17,"column":34}},"9":{"start":{"line":19,"column":4},"end":{"line":27,"column":10}},"10":{"start":{"line":20,"column":22},"end":{"line":25,"column":38}},"11":{"start":{"line":21,"column":12},"end":{"line":25,"column":32}},"12":{"start":{"line":22,"column":16},"end":{"line":22,"column":44}},"13":{"start":{"line":23,"column":16},"end":{"line":23,"column":35}},"14":{"start":{"line":24,"column":18},"end":{"line":24,"column":55}},"15":{"start":{"line":25,"column":12},"end":{"line":25,"column":31}},"16":{"start":{"line":26,"column":12},"end":{"line":26,"column":41}},"17":{"start":{"line":26,"column":22},"end":{"line":26,"column":41}},"18":{"start":{"line":29,"column":23},"end":{"line":29,"column":322}},"19":{"start":{"line":29,"column":35},"end":{"line":29,"column":266}},"20":{"start":{"line":29,"column":55},"end":{"line":29,"column":265}},"21":{"start":{"line":30,"column":20},"end":{"line":30,"column":105}},"22":{"start":{"line":30,"column":25},"end":{"line":30,"column":43}},"23":{"start":{"line":30,"column":43},"end":{"line":30,"column":62}},"24":{"start":{"line":30,"column":62},"end":{"line":30,"column":84}},"25":{"start":{"line":30,"column":84},"end":{"line":30,"column":104}},"26":{"start":{"line":30,"column":106},"end":{"line":30,"column":688}},"27":{"start":{"line":30,"column":372},"end":{"line":30,"column":399}},"28":{"start":{"line":30,"column":420},"end":{"line":30,"column":450}},"29":{"start":{"line":30,"column":475},"end":{"line":30,"column":504}},"30":{"start":{"line":30,"column":640},"end":{"line":30,"column":668}}},"fnMap":{"0":{"name":"(anonymous_0)","decl":{"start":{"line":9,"column":22},"end":{"line":9,"column":23}},"loc":{"start":{"line":9,"column":48},"end":{"line":31,"column":1}},"line":9},"1":{"name":"(anonymous_1)","decl":{"start":{"line":19,"column":14},"end":{"line":19,"column":15}},"loc":{"start":{"line":19,"column":18},"end":{"line":26,"column":42}},"line":19},"2":{"name":"(anonymous_2)","decl":{"start":{"line":20,"column":33},"end":{"line":20,"column":34}},"loc":{"start":{"line":20,"column":37},"end":{"line":25,"column":33}},"line":20},"3":{"name":"(anonymous_3)","decl":{"start":{"line":26,"column":18},"end":{"line":26,"column":19}},"loc":{"start":{"line":26,"column":22},"end":{"line":26,"column":41}},"line":26},"4":{"name":"(anonymous_4)","decl":{"start":{"line":29,"column":31},"end":{"line":29,"column":32}},"loc":{"start":{"line":29,"column":35},"end":{"line":29,"column":266}},"line":29},"5":{"name":"(anonymous_5)","decl":{"start":{"line":29,"column":52},"end":{"line":29,"column":53}},"loc":{"start":{"line":29,"column":55},"end":{"line":29,"column":265}},"line":29},"6":{"name":"(anonymous_6)","decl":{"start":{"line":30,"column":20},"end":{"line":30,"column":21}},"loc":{"start":{"line":30,"column":24},"end":{"line":30,"column":105}},"line":30},"7":{"name":"(anonymous_7)","decl":{"start":{"line":30,"column":369},"end":{"line":30,"column":370}},"loc":{"start":{"line":30,"column":372},"end":{"line":30,"column":399}},"line":30},"8":{"name":"(anonymous_8)","decl":{"start":{"line":30,"column":417},"end":{"line":30,"column":418}},"loc":{"start":{"line":30,"column":420},"end":{"line":30,"column":450}},"line":30},"9":{"name":"(anonymous_9)","decl":{"start":{"line":30,"column":472},"end":{"line":30,"column":473}},"loc":{"start":{"line":30,"column":475},"end":{"line":30,"column":504}},"line":30},"10":{"name":"(anonymous_10)","decl":{"start":{"line":30,"column":636},"end":{"line":30,"column":637}},"loc":{"start":{"line":30,"column":640},"end":{"line":30,"column":668}},"line":30}},"branchMap":{"0":{"loc":{"start":{"line":29,"column":55},"end":{"line":29,"column":265}},"type":"binary-expr","locations":[{"start":{"line":29,"column":56},"end":{"line":29,"column":111}},{"start":{"line":29,"column":115},"end":{"line":29,"column":131}},{"start":{"line":29,"column":133},"end":{"line":29,"column":154}},{"start":{"line":29,"column":158},"end":{"line":29,"column":177}},{"start":{"line":29,"column":179},"end":{"line":29,"column":215}},{"start":{"line":29,"column":219},"end":{"line":29,"column":237}},{"start":{"line":29,"column":239},"end":{"line":29,"column":264}}],"line":29}},"s":{"0":4,"1":6,"2":6,"3":6,"4":6,"5":6,"6":6,"7":6,"8":6,"9":6,"10":3,"11":2,"12":2,"13":2,"14":0,"15":0,"16":3,"17":3,"18":6,"19":5,"20":50,"21":6,"22":0,"23":0,"24":0,"25":0,"26":6,"27":0,"28":0,"29":0,"30":0},"f":{"0":6,"1":3,"2":2,"3":3,"4":5,"5":50,"6":0,"7":0,"8":0,"9":0,"10":0},"b":{"0":[50,50,0,50,0,50,0]},"_coverageSchema":"1a1c01bbd47fc00a2c39e90264f33305004495a9","hash":"532df375c31ceffea13fbd71f3b47fda19c529d6"}
,"/home/phetso/react-fitness-tracker-Phetsodonald/fitness-tracker/src/pages/HistoryPage.jsx": {"path":"/home/phetso/react-fitness-tracker-Phetsodonald/fitness-tracker/src/pages/HistoryPage.jsx","statementMap":{"0":{"start":{"line":4,"column":18},"end":{"line":7,"column":7}},"1":{"start":{"line":4,"column":57},"end":{"line":7,"column":7}}},"fnMap":{"0":{"name":"(anonymous_0)","decl":{"start":{"line":4,"column":18},"end":{"line":4,"column":19}},"loc":{"start":{"line":4,"column":57},"end":{"line":7,"column":7}},"line":4}},"branchMap":{},"s":{"0":4,"1":3},"f":{"0":3},"b":{},"_coverageSchema":"1a1c01bbd47fc00a2c39e90264f33305004495a9","hash":"7d2063e652f09ec2beb903886c639e9ee8b78c68"}
,"/home/phetso/react-fitness-tracker-Phetsodonald/fitness-tracker/src/pages/Home.jsx": {"path":"/home/phetso/react-fitness-tracker-Phetsodonald/fitness-tracker/src/pages/Home.jsx","statementMap":{"0":{"start":{"line":5,"column":13},"end":{"line":26,"column":1}},"1":{"start":{"line":6,"column":4},"end":{"line":25,"column":5}}},"fnMap":{"0":{"name":"(anonymous_0)","decl":{"start":{"line":5,"column":13},"end":{"line":5,"column":14}},"loc":{"start":{"line":5,"column":19},"end":{"line":26,"column":1}},"line":5}},"branchMap":{},"s":{"0":4,"1":4},"f":{"0":4},"b":{},"_coverageSchema":"1a1c01bbd47fc00a2c39e90264f33305004495a9","hash":"a75d5538c51034dc8afcb0596ebb71c253303183"}
,"/home/phetso/react-fitness-tracker-Phetsodonald/fitness-tracker/src/pages/NotFound.jsx": {"path":"/home/phetso/react-fitness-tracker-Phetsodonald/fitness-tracker/src/pages/NotFound.jsx","statementMap":{"0":{"start":{"line":5,"column":15},"end":{"line":11,"column":1}},"1":{"start":{"line":6,"column":19},"end":{"line":6,"column":32}},"2":{"start":{"line":7,"column":4},"end":{"line":9,"column":7}},"3":{"start":{"line":8,"column":25},"end":{"line":8,"column":38}}},"fnMap":{"0":{"name":"(anonymous_0)","decl":{"start":{"line":5,"column":15},"end":{"line":5,"column":16}},"loc":{"start":{"line":5,"column":19},"end":{"line":11,"column":1}},"line":5},"1":{"name":"(anonymous_1)","decl":{"start":{"line":8,"column":21},"end":{"line":8,"column":22}},"loc":{"start":{"line":8,"column":25},"end":{"line":8,"column":38}},"line":8}},"branchMap":{},"s":{"0":3,"1":1,"2":1,"3":0},"f":{"0":1,"1":0},"b":{},"_coverageSchema":"1a1c01bbd47fc00a2c39e90264f33305004495a9","hash":"07832839e2ab563bb262a3d50d45bb279e27010b"}
,"/home/phetso/react-fitness-tracker-Phetsodonald/fitness-tracker/src/pages/ProgressPage.jsx": {"path":"/home/phetso/react-fitness-tracker-Phetsodonald/fitness-tracker/src/pages/ProgressPage.jsx","statementMap":{"0":{"start":{"line":6,"column":19},"end":{"line":33,"column":1}},"1":{"start":{"line":7,"column":18},"end":{"line":7,"column":51}},"2":{"start":{"line":8,"column":4},"end":{"line":32,"column":7}}},"fnMap":{"0":{"name":"(anonymous_0)","decl":{"start":{"line":6,"column":19},"end":{"line":6,"column":20}},"loc":{"start":{"line":6,"column":44},"end":{"line":33,"column":1}},"line":6}},"branchMap":{},"s":{"0":4,"1":1,"2":1},"f":{"0":1},"b":{},"_coverageSchema":"1a1c01bbd47fc00a2c39e90264f33305004495a9","hash":"f05d30e9ea5f34809458a0b66898c28914dd3056"}
,"/home/phetso/react-fitness-tracker-Phetsodonald/fitness-tracker/src/pages/WorkoutPlannerPage.jsx": {"path":"/home/phetso/react-fitness-tracker-Phetsodonald/fitness-tracker/src/pages/WorkoutPlannerPage.jsx","statementMap":{"0":{"start":{"line":4,"column":25},"end":{"line":6,"column":3}},"1":{"start":{"line":4,"column":59},"end":{"line":6,"column":3}}},"fnMap":{"0":{"name":"(anonymous_0)","decl":{"start":{"line":4,"column":25},"end":{"line":4,"column":26}},"loc":{"start":{"line":4,"column":59},"end":{"line":6,"column":3}},"line":4}},"branchMap":{},"s":{"0":3,"1":2},"f":{"0":2},"b":{},"_coverageSchema":"1a1c01bbd47fc00a2c39e90264f33305004495a9","hash":"c06dfa366bf556da61bc518eb34bb0fc04b9a88d"}
,"/home/phetso/react-fitness-tracker-Phetsodonald/fitness-tracker/src/utils/helpers.js": {"path":"/home/phetso/react-fitness-tracker-Phetsodonald/fitness-tracker/src/utils/helpers.js","statementMap":{"0":{"start":{"line":1,"column":30},"end":{"line":3,"column":1}},"1":{"start":{"line":2,"column":4},"end":{"line":2,"column":27}},"2":{"start":{"line":5,"column":38},"end":{"line":9,"column":3}},"3":{"start":{"line":6,"column":2},"end":{"line":9,"column":3}},"4":{"start":{"line":7,"column":16},"end":{"line":7,"column":49}},"5":{"start":{"line":11,"column":36},"end":{"line":13,"column":1}},"6":{"start":{"line":12,"column":4},"end":{"line":12,"column":83}},"7":{"start":{"line":15,"column":25},"end":{"line":36,"column":1}},"8":{"start":{"line":16,"column":4},"end":{"line":16,"column":34}},"9":{"start":{"line":16,"column":25},"end":{"line":16,"column":34}},"10":{"start":{"line":18,"column":18},"end":{"line":20,"column":50}},"11":{"start":{"line":19,"column":21},"end":{"line":19,"column":30}},"12":{"start":{"line":20,"column":24},"end":{"line":20,"column":49}},"13":{"start":{"line":22,"column":17},"end":{"line":22,"column":18}},"14":{"start":{"line":24,"column":4},"end":{"line":33,"column":5}},"15":{"start":{"line":24,"column":17},"end":{"line":24,"column":18}},"16":{"start":{"line":26,"column":12},"end":{"line":26,"column":68}},"17":{"start":{"line":28,"column":8},"end":{"line":32,"column":9}},"18":{"start":{"line":29,"column":12},"end":{"line":29,"column":21}},"19":{"start":{"line":31,"column":12},"end":{"line":31,"column":18}},"20":{"start":{"line":35,"column":4},"end":{"line":35,"column":18}}},"fnMap":{"0":{"name":"(anonymous_0)","decl":{"start":{"line":1,"column":30},"end":{"line":1,"column":31}},"loc":{"start":{"line":1,"column":41},"end":{"line":3,"column":1}},"line":1},"1":{"name":"(anonymous_1)","decl":{"start":{"line":5,"column":38},"end":{"line":5,"column":39}},"loc":{"start":{"line":6,"column":2},"end":{"line":9,"column":3}},"line":6},"2":{"name":"(anonymous_2)","decl":{"start":{"line":7,"column":4},"end":{"line":7,"column":5}},"loc":{"start":{"line":7,"column":16},"end":{"line":7,"column":49}},"line":7},"3":{"name":"(anonymous_3)","decl":{"start":{"line":11,"column":36},"end":{"line":11,"column":37}},"loc":{"start":{"line":11,"column":47},"end":{"line":13,"column":1}},"line":11},"4":{"name":"(anonymous_4)","decl":{"start":{"line":15,"column":25},"end":{"line":15,"column":26}},"loc":{"start":{"line":15,"column":36},"end":{"line":36,"column":1}},"line":15},"5":{"name":"(anonymous_5)","decl":{"start":{"line":19,"column":13},"end":{"line":19,"column":14}},"loc":{"start":{"line":19,"column":21},"end":{"line":19,"column":30}},"line":19},"6":{"name":"(anonymous_6)","decl":{"start":{"line":20,"column":14},"end":{"line":20,"column":15}},"loc":{"start":{"line":20,"column":24},"end":{"line":20,"column":49}},"line":20}},"branchMap":{"0":{"loc":{"start":{"line":7,"column":29},"end":{"line":7,"column":48}},"type":"binary-expr","locations":[{"start":{"line":7,"column":29},"end":{"line":7,"column":43}},{"start":{"line":7,"column":47},"end":{"line":7,"column":48}}],"line":7},"1":{"loc":{"start":{"line":12,"column":12},"end":{"line":12,"column":31}},"type":"binary-expr","locations":[{"start":{"line":12,"column":12},"end":{"line":12,"column":26}},{"start":{"line":12,"column":30},"end":{"line":12,"column":31}}],"line":12},"2":{"loc":{"start":{"line":12,"column":36},"end":{"line":12,"column":55}},"type":"binary-expr","locations":[{"start":{"line":12,"column":36},"end":{"line":12,"column":50}},{"start":{"line":12,"column":54},"end":{"line":12,"column":55}}],"line":12},"3":{"loc":{"start":{"line":12,"column":60},"end":{"line":12,"column":81}},"type":"binary-expr","locations":[{"start":{"line":12,"column":60},"end":{"line":12,"column":76}},{"start":{"line":12,"column":80},"end":{"line":12,"column":81}}],"line":12},"4":{"loc":{"start":{"line":16,"column":4},"end":{"line":16,"column":34}},"type":"if","locations":[{"start":{"line":16,"column":4},"end":{"line":16,"column":34}},{"start":{},"end":{}}],"line":16},"5":{"loc":{"start":{"line":28,"column":8},"end":{"line":32,"column":9}},"type":"if","locations":[{"start":{"line":28,"column":8},"end":{"line":32,"column":9}},{"start":{"line":30,"column":15},"end":{"line":32,"column":9}}],"line":28}},"s":{"0":9,"1":82,"2":9,"3":2,"4":3,"5":9,"6":2,"7":9,"8":2,"9":0,"10":2,"11":3,"12":1,"13":2,"14":2,"15":2,"16":1,"17":1,"18":1,"19":0,"20":2},"f":{"0":82,"1":2,"2":3,"3":2,"4":2,"5":3,"6":1},"b":{"0":[3,0],"1":[2,0],"2":[2,0],"3":[2,1],"4":[0,2],"5":[1,0]},"_coverageSchema":"1a1c01bbd47fc00a2c39e90264f33305004495a9","hash":"a8c25df24d75f149bd95e1e6308875413cecc868"}
}
