TN:
SF:src/App.jsx
FN:24,(anonymous_0)
FN:27,(anonymous_1)
FN:28,(anonymous_2)
FN:28,(anonymous_3)
FN:29,(anonymous_4)
FN:29,(anonymous_5)
FN:29,(anonymous_6)
FN:30,(anonymous_7)
FN:30,(anonymous_8)
FN:31,(anonymous_9)
FN:31,(anonymous_10)
FN:32,(anonymous_11)
FN:32,(anonymous_12)
FN:32,(anonymous_13)
FNF:14
FNH:6
FNDA:7,(anonymous_0)
FNDA:5,(anonymous_1)
FNDA:1,(anonymous_2)
FNDA:1,(anonymous_3)
FNDA:0,(anonymous_4)
FNDA:0,(anonymous_5)
FNDA:0,(anonymous_6)
FNDA:0,(anonymous_7)
FNDA:0,(anonymous_8)
FNDA:1,(anonymous_9)
FNDA:1,(anonymous_10)
FNDA:0,(anonymous_11)
FNDA:0,(anonymous_12)
FNDA:0,(anonymous_13)
DA:14,3
DA:24,3
DA:25,7
DA:26,7
DA:27,7
DA:28,7
DA:29,7
DA:30,7
DA:31,7
DA:32,7
DA:34,7
LF:11
LH:11
BRDA:27,0,0,0
BRDA:27,0,1,5
BRDA:27,1,0,5
BRDA:27,1,1,5
BRDA:28,2,0,1
BRDA:28,2,1,0
BRF:6
BRH:4
end_of_record
TN:
SF:src/components/Exercise/ExerciseCard.jsx
FN:9,(anonymous_0)
FN:16,(anonymous_1)
FN:17,(anonymous_2)
FN:36,(anonymous_3)
FN:43,(anonymous_4)
FNF:5
FNH:5
FNDA:81,(anonymous_0)
FNDA:1,(anonymous_1)
FNDA:1,(anonymous_2)
FNDA:1,(anonymous_3)
FNDA:1,(anonymous_4)
DA:9,6
DA:10,81
DA:12,81
DA:16,1
DA:17,1
DA:36,1
DA:43,1
DA:54,6
LF:8
LH:8
BRDA:9,0,0,2
BRDA:24,1,0,2
BRDA:24,1,1,79
BRDA:41,2,0,3
BRDA:41,2,1,78
BRDA:45,3,0,3
BRDA:45,3,1,78
BRF:7
BRH:7
end_of_record
TN:
SF:src/components/Exercise/ExerciseDetail.jsx
FN:8,(anonymous_0)
FN:15,(anonymous_1)
FN:25,(anonymous_2)
FN:27,(anonymous_3)
FNF:4
FNH:4
FNDA:2,(anonymous_0)
FNDA:2,(anonymous_1)
FNDA:6,(anonymous_2)
FNDA:1,(anonymous_3)
DA:8,4
DA:9,2
DA:15,2
DA:25,6
DA:27,1
DA:33,4
LF:6
LH:6
BRDA:26,0,0,2
BRDA:26,0,1,0
BRF:2
BRH:1
end_of_record
TN:
SF:src/components/Exercise/ExerciseFilter.jsx
FN:4,(anonymous_0)
FN:16,(anonymous_1)
FNF:2
FNH:2
FNDA:6,(anonymous_0)
FNDA:36,(anonymous_1)
DA:4,4
DA:5,6
DA:17,36
DA:30,4
LF:4
LH:4
BRF:0
BRH:0
end_of_record
TN:
SF:src/components/Exercise/ExerciseList.jsx
FN:7,(anonymous_0)
FN:25,(anonymous_1)
FN:32,(anonymous_2)
FNF:3
FNH:3
FNDA:10,(anonymous_0)
FNDA:76,(anonymous_1)
FNDA:25,(anonymous_2)
DA:7,5
DA:15,10
DA:16,4
DA:19,6
DA:20,1
DA:23,5
DA:26,76
DA:32,25
DA:42,5
LF:9
LH:9
BRDA:9,0,0,3
BRDA:10,1,0,3
BRDA:13,2,0,4
BRDA:15,3,0,4
BRDA:15,3,1,6
BRDA:19,4,0,1
BRDA:19,4,1,5
BRDA:23,5,0,4
BRDA:23,5,1,1
BRF:9
BRH:9
end_of_record
TN:
SF:src/components/HamBurgerMenu/HamBurgerMenu.jsx
FN:3,HamBurgerMenu
FN:8,(anonymous_1)
FNF:2
FNH:1
FNDA:17,HamBurgerMenu
FNDA:0,(anonymous_1)
DA:4,17
DA:5,17
DA:9,0
LF:3
LH:2
BRDA:4,0,0,0
BRDA:4,0,1,17
BRDA:11,1,0,0
BRDA:11,1,1,17
BRF:4
BRH:2
end_of_record
TN:
SF:src/components/Media/AudioPlayer.jsx
FN:4,(anonymous_0)
FNF:1
FNH:1
FNDA:5,(anonymous_0)
DA:4,5
DA:5,5
DA:17,5
LF:3
LH:3
BRF:0
BRH:0
end_of_record
TN:
SF:src/components/Media/VideoPlayer.jsx
FN:4,(anonymous_0)
FNF:1
FNH:1
FNDA:4,(anonymous_0)
DA:4,5
DA:5,4
DA:17,5
LF:3
LH:3
BRF:0
BRH:0
end_of_record
TN:
SF:src/components/Navigation/Navbar.jsx
FN:5,Navbar
FNF:1
FNH:1
FNDA:18,Navbar
DA:6,18
DA:8,18
DA:74,8
LF:3
LH:3
BRDA:9,0,0,0
BRDA:9,0,1,18
BRDA:13,1,0,9
BRDA:13,1,1,9
BRDA:23,2,0,4
BRDA:23,2,1,14
BRDA:36,3,0,2
BRDA:36,3,1,16
BRDA:49,4,0,0
BRDA:49,4,1,18
BRDA:62,5,0,2
BRDA:62,5,1,16
BRF:12
BRH:10
end_of_record
TN:
SF:src/components/UI/Badge.jsx
FN:4,(anonymous_0)
FNF:1
FNH:1
FNDA:164,(anonymous_0)
DA:4,7
DA:5,164
DA:17,7
LF:3
LH:3
BRDA:4,0,0,83
BRDA:9,1,0,79
BRDA:9,1,1,85
BRF:3
BRH:3
end_of_record
TN:
SF:src/components/UI/Button.jsx
FN:4,(anonymous_0)
FNF:1
FNH:1
FNDA:205,(anonymous_0)
DA:4,12
DA:5,205
DA:12,12
LF:3
LH:3
BRDA:4,0,0,102
BRDA:4,1,0,176
BRDA:4,2,0,124
BRF:3
BRH:3
end_of_record
TN:
SF:src/components/UI/Card.jsx
FN:4,(anonymous_0)
FNF:1
FNH:1
FNDA:119,(anonymous_0)
DA:4,12
DA:5,119
DA:13,12
LF:3
LH:3
BRDA:4,0,0,38
BRDA:6,1,0,81
BRDA:6,1,1,38
BRDA:7,2,0,119
BRDA:7,2,1,35
BRF:5
BRH:5
end_of_record
TN:
SF:src/components/UI/EmptyState.jsx
FN:3,(anonymous_0)
FNF:1
FNH:1
FNDA:17,(anonymous_0)
DA:3,7
DA:4,17
DA:11,7
LF:3
LH:3
BRDA:3,0,0,0
BRF:1
BRH:0
end_of_record
TN:
SF:src/components/UI/Loading.jsx
FN:3,(anonymous_0)
FNF:1
FNH:1
FNDA:4,(anonymous_0)
DA:3,5
DA:4,4
DA:12,5
LF:3
LH:3
BRDA:3,0,0,0
BRF:1
BRH:0
end_of_record
TN:
SF:src/components/UI/Modal.jsx
FN:5,(anonymous_0)
FNF:1
FNH:1
FNDA:1,(anonymous_0)
DA:5,1
DA:6,1
DA:17,1
LF:3
LH:3
BRDA:5,0,0,0
BRF:1
BRH:0
end_of_record
TN:
SF:src/components/UI/SearchBar.jsx
FN:6,(anonymous_0)
FN:9,(anonymous_1)
FN:14,(anonymous_2)
FN:19,(anonymous_3)
FN:23,(anonymous_4)
FN:27,(anonymous_5)
FNF:6
FNH:6
FNDA:13,(anonymous_0)
FNDA:1,(anonymous_1)
FNDA:4,(anonymous_2)
FNDA:1,(anonymous_3)
FNDA:1,(anonymous_4)
FNDA:1,(anonymous_5)
DA:6,5
DA:7,13
DA:9,13
DA:10,1
DA:11,1
DA:14,13
DA:15,4
DA:16,4
DA:19,13
DA:20,1
DA:23,13
DA:24,1
DA:27,13
DA:28,1
DA:29,1
DA:32,13
DA:41,5
LF:17
LH:17
BRDA:6,0,0,11
BRDA:6,1,0,13
BRF:2
BRH:2
end_of_record
TN:
SF:src/components/WorkoutLog/LogEntry.jsx
FN:5,(anonymous_0)
FN:13,(anonymous_1)
FNF:2
FNH:1
FNDA:1,(anonymous_0)
FNDA:0,(anonymous_1)
DA:5,4
DA:6,1
DA:13,0
DA:20,4
LF:4
LH:3
BRF:0
BRH:0
end_of_record
TN:
SF:src/components/WorkoutLog/ProgressChart.jsx
FN:5,(anonymous_0)
FN:9,(anonymous_1)
FN:9,(anonymous_2)
FN:9,(anonymous_3)
FNF:4
FNH:2
FNDA:1,(anonymous_0)
FNDA:1,(anonymous_1)
FNDA:0,(anonymous_2)
FNDA:0,(anonymous_3)
DA:5,4
DA:6,1
DA:7,1
DA:9,1
DA:11,4
LF:5
LH:5
BRDA:9,0,0,0
BRDA:9,0,1,1
BRDA:9,1,0,1
BRDA:9,1,1,0
BRF:4
BRH:2
end_of_record
TN:
SF:src/components/WorkoutLog/WorkoutLog.jsx
FN:8,(anonymous_0)
FN:13,(anonymous_1)
FN:15,(anonymous_2)
FN:19,(anonymous_3)
FN:19,(anonymous_4)
FN:22,(anonymous_5)
FN:23,(anonymous_6)
FN:24,(anonymous_7)
FN:28,(anonymous_8)
FNF:9
FNH:5
FNDA:3,(anonymous_0)
FNDA:1,(anonymous_1)
FNDA:1,(anonymous_2)
FNDA:0,(anonymous_3)
FNDA:51,(anonymous_4)
FNDA:0,(anonymous_5)
FNDA:0,(anonymous_6)
FNDA:0,(anonymous_7)
FNDA:1,(anonymous_8)
DA:8,4
DA:9,3
DA:10,3
DA:11,3
DA:12,3
DA:13,3
DA:14,1
DA:15,1
DA:16,1
DA:17,3
DA:19,0
DA:20,51
DA:22,0
DA:23,0
DA:24,0
DA:28,1
DA:34,4
LF:17
LH:13
BRDA:9,0,0,3
BRDA:9,0,1,0
BRDA:16,1,0,1
BRDA:16,1,1,0
BRDA:28,2,0,1
BRDA:28,2,1,2
BRF:6
BRH:4
end_of_record
TN:
SF:src/components/WorkoutPlanner/DayCard.jsx
FN:7,(anonymous_0)
FN:9,(anonymous_1)
FN:12,(anonymous_2)
FN:13,(anonymous_3)
FNF:4
FNH:3
FNDA:17,(anonymous_0)
FNDA:3,(anonymous_1)
FNDA:1,(anonymous_2)
FNDA:0,(anonymous_3)
DA:7,4
DA:8,17
DA:10,3
DA:12,1
DA:13,0
DA:17,4
LF:6
LH:5
BRDA:9,0,0,3
BRDA:9,0,1,14
BRDA:13,1,0,17
BRDA:13,1,1,3
BRF:4
BRH:4
end_of_record
TN:
SF:src/components/WorkoutPlanner/WorkoutPlanner.jsx
FN:6,(anonymous_0)
FN:8,(anonymous_1)
FN:9,(anonymous_2)
FNF:3
FNH:3
FNDA:14,(anonymous_0)
FNDA:2,(anonymous_1)
FNDA:14,(anonymous_2)
DA:5,3
DA:6,14
DA:8,3
DA:9,2
DA:10,14
DA:13,3
LF:6
LH:6
BRDA:10,0,0,14
BRDA:10,0,1,0
BRF:2
BRH:1
end_of_record
TN:
SF:src/components/common/Footer.jsx
FN:1,(anonymous_0)
FNF:1
FNH:1
FNDA:7,(anonymous_0)
DA:1,3
DA:2,7
LF:2
LH:2
BRF:0
BRH:0
end_of_record
TN:
SF:src/components/common/Header.jsx
FN:7,Header
FNF:1
FNH:1
FNDA:17,Header
DA:8,17
DA:10,17
DA:26,7
LF:3
LH:3
BRDA:14,0,0,17
BRDA:14,0,1,17
BRDA:15,1,0,17
BRDA:15,1,1,17
BRF:4
BRH:4
end_of_record
TN:
SF:src/data/exercisesData.js
FNF:0
FNH:0
DA:1,4
LF:1
LH:1
BRF:0
BRH:0
end_of_record
TN:
SF:src/hooks/useLocalStorage.js
FN:3,(anonymous_0)
FN:4,(anonymous_1)
FN:8,(anonymous_2)
FNF:3
FNH:3
FNDA:17,(anonymous_0)
FNDA:12,(anonymous_1)
FNDA:15,(anonymous_2)
DA:3,4
DA:4,17
DA:5,12
DA:6,0
DA:8,17
DA:9,17
LF:6
LH:5
BRDA:5,0,0,12
BRDA:5,0,1,10
BRF:2
BRH:2
end_of_record
TN:
SF:src/pages/ExerciseDetailPage.jsx
FN:6,(anonymous_0)
FN:9,(anonymous_1)
FN:12,(anonymous_2)
FN:14,(anonymous_3)
FNF:4
FNH:0
FNDA:0,(anonymous_0)
FNDA:0,(anonymous_1)
FNDA:0,(anonymous_2)
FNDA:0,(anonymous_3)
DA:6,3
DA:7,0
DA:8,0
DA:9,0
DA:10,0
DA:12,0
DA:14,0
LF:7
LH:1
BRDA:10,0,0,0
BRDA:10,0,1,0
BRF:2
BRH:0
end_of_record
TN:
SF:src/pages/ExercisesPage.jsx
FN:9,(anonymous_0)
FN:19,(anonymous_1)
FN:20,(anonymous_2)
FN:26,(anonymous_3)
FN:29,(anonymous_4)
FN:29,(anonymous_5)
FN:30,(anonymous_6)
FN:30,(anonymous_7)
FN:30,(anonymous_8)
FN:30,(anonymous_9)
FN:30,(anonymous_10)
FNF:11
FNH:6
FNDA:6,(anonymous_0)
FNDA:3,(anonymous_1)
FNDA:2,(anonymous_2)
FNDA:3,(anonymous_3)
FNDA:5,(anonymous_4)
FNDA:50,(anonymous_5)
FNDA:0,(anonymous_6)
FNDA:0,(anonymous_7)
FNDA:0,(anonymous_8)
FNDA:0,(anonymous_9)
FNDA:0,(anonymous_10)
DA:9,4
DA:10,6
DA:11,6
DA:12,6
DA:13,6
DA:14,6
DA:15,6
DA:16,6
DA:17,6
DA:19,6
DA:20,3
DA:21,2
DA:22,2
DA:23,2
DA:24,0
DA:25,0
DA:26,3
DA:29,50
DA:30,6
LF:19
LH:17
BRDA:29,0,0,50
BRDA:29,0,1,50
BRDA:29,0,2,0
BRDA:29,0,3,50
BRDA:29,0,4,0
BRDA:29,0,5,50
BRDA:29,0,6,0
BRF:7
BRH:4
end_of_record
TN:
SF:src/pages/HistoryPage.jsx
FN:4,(anonymous_0)
FNF:1
FNH:1
FNDA:3,(anonymous_0)
DA:4,4
LF:1
LH:1
BRF:0
BRH:0
end_of_record
TN:
SF:src/pages/Home.jsx
FN:5,(anonymous_0)
FNF:1
FNH:1
FNDA:4,(anonymous_0)
DA:5,4
DA:6,4
LF:2
LH:2
BRF:0
BRH:0
end_of_record
TN:
SF:src/pages/NotFound.jsx
FN:5,(anonymous_0)
FN:8,(anonymous_1)
FNF:2
FNH:1
FNDA:1,(anonymous_0)
FNDA:0,(anonymous_1)
DA:5,3
DA:6,1
DA:7,1
DA:8,0
LF:4
LH:3
BRF:0
BRH:0
end_of_record
TN:
SF:src/pages/ProgressPage.jsx
FN:6,(anonymous_0)
FNF:1
FNH:1
FNDA:1,(anonymous_0)
DA:6,4
DA:7,1
DA:8,1
LF:3
LH:3
BRF:0
BRH:0
end_of_record
TN:
SF:src/pages/WorkoutPlannerPage.jsx
FN:4,(anonymous_0)
FNF:1
FNH:1
FNDA:2,(anonymous_0)
DA:4,3
LF:1
LH:1
BRF:0
BRH:0
end_of_record
TN:
SF:src/utils/helpers.js
FN:1,(anonymous_0)
FN:5,(anonymous_1)
FN:7,(anonymous_2)
FN:11,(anonymous_3)
FN:15,(anonymous_4)
FN:19,(anonymous_5)
FN:20,(anonymous_6)
FNF:7
FNH:7
FNDA:82,(anonymous_0)
FNDA:2,(anonymous_1)
FNDA:3,(anonymous_2)
FNDA:2,(anonymous_3)
FNDA:2,(anonymous_4)
FNDA:3,(anonymous_5)
FNDA:1,(anonymous_6)
DA:1,9
DA:2,82
DA:5,9
DA:6,2
DA:7,3
DA:11,9
DA:12,2
DA:15,9
DA:16,2
DA:18,2
DA:19,3
DA:20,1
DA:22,2
DA:24,2
DA:26,1
DA:28,1
DA:29,1
DA:31,0
DA:35,2
LF:19
LH:18
BRDA:7,0,0,3
BRDA:7,0,1,0
BRDA:12,1,0,2
BRDA:12,1,1,0
BRDA:12,2,0,2
BRDA:12,2,1,0
BRDA:12,3,0,2
BRDA:12,3,1,1
BRDA:16,4,0,0
BRDA:16,4,1,2
BRDA:28,5,0,1
BRDA:28,5,1,0
BRF:12
BRH:7
end_of_record
